0 verbose cli /Users/italofelipe/.nvm/versions/node/v23.6.0/bin/node /Users/italofelipe/.nvm/versions/node/v23.6.0/bin/npm
1 info using npm@11.0.0
2 info using node@v23.6.0
3 silly config load:file:/Users/italofelipe/.nvm/versions/node/v23.6.0/lib/node_modules/npm/npmrc
4 silly config load:file:/Users/italofelipe/Desktop/vini-carv-org-main/.npmrc
5 silly config load:file:/Users/italofelipe/.npmrc
6 silly config load:file:/Users/italofelipe/.nvm/versions/node/v23.6.0/etc/npmrc
7 verbose title npm i
8 verbose argv "i"
9 verbose logfile logs-max:10 dir:/Users/italofelipe/Desktop/vini-carv-org-main/.npm-cache/_logs/2025-01-25T11_18_28_469Z-
10 verbose logfile /Users/italofelipe/Desktop/vini-carv-org-main/.npm-cache/_logs/2025-01-25T11_18_28_469Z-debug-0.log
11 silly logfile start cleaning logs, removing 2 files
12 silly packumentCache heap:4345298944 maxSize:1086324736 maxEntrySize:543162368
13 silly logfile done cleaning log files
14 silly idealTree buildDeps
15 verbose shrinkwrap failed to load node_modules/.package-lock.json out of date, updated: node_modules
16 silly reify mark retired [ '/Users/italofelipe/Desktop/vini-carv-org-main/node_modules/ajv 2' ]
17 silly reify mark retired [
17 silly reify   '/Users/italofelipe/Desktop/vini-carv-org-main/node_modules/aria-query 2'
17 silly reify ]
18 silly reify mark retired [
18 silly reify   '/Users/italofelipe/Desktop/vini-carv-org-main/node_modules/call-bind-apply-helpers 2'
18 silly reify ]
19 silly reify mark retired [
19 silly reify   '/Users/italofelipe/Desktop/vini-carv-org-main/node_modules/array.prototype 2.findlastindex'
19 silly reify ]
20 silly reify mark retired [
20 silly reify   '/Users/italofelipe/Desktop/vini-carv-org-main/node_modules/d3-array 2'
20 silly reify ]
21 silly reify mark retired [ '/Users/italofelipe/Desktop/vini-carv-org-main/node_modules/cmdk 2' ]
22 silly reify mark retired [
22 silly reify   '/Users/italofelipe/Desktop/vini-carv-org-main/node_modules/d3-interpolate 2'
22 silly reify ]
23 silly reify mark retired [
23 silly reify   '/Users/italofelipe/Desktop/vini-carv-org-main/node_modules/d3-path 2'
23 silly reify ]
24 silly reify mark retired [
24 silly reify   '/Users/italofelipe/Desktop/vini-carv-org-main/node_modules/d3-scale 2'
24 silly reify ]
25 silly reify mark retired [
25 silly reify   '/Users/italofelipe/Desktop/vini-carv-org-main/node_modules/d3-shape 2'
25 silly reify ]
26 silly reify mark retired [
26 silly reify   '/Users/italofelipe/Desktop/vini-carv-org-main/node_modules/d3-color 2'
26 silly reify ]
27 silly reify mark retired [
27 silly reify   '/Users/italofelipe/Desktop/vini-carv-org-main/node_modules/d3-ease 2'
27 silly reify ]
28 silly reify mark retired [
28 silly reify   '/Users/italofelipe/Desktop/vini-carv-org-main/node_modules/d3-format 2'
28 silly reify ]
29 silly reify mark retired [
29 silly reify   '/Users/italofelipe/Desktop/vini-carv-org-main/node_modules/d3-time 2'
29 silly reify ]
30 silly reify mark retired [
30 silly reify   '/Users/italofelipe/Desktop/vini-carv-org-main/node_modules/d3-time-format 2'
30 silly reify ]
31 silly reify mark retired [
31 silly reify   '/Users/italofelipe/Desktop/vini-carv-org-main/node_modules/d3-timer 2'
31 silly reify ]
32 silly reify mark retired [
32 silly reify   '/Users/italofelipe/Desktop/vini-carv-org-main/node_modules/decimal 2.js-light'
32 silly reify ]
33 silly reify mark retired [
33 silly reify   '/Users/italofelipe/Desktop/vini-carv-org-main/node_modules/deep-is 2'
33 silly reify ]
34 silly reify mark retired [
34 silly reify   '/Users/italofelipe/Desktop/vini-carv-org-main/node_modules/dom-helpers 2'
34 silly reify ]
35 silly reify mark retired [ '/Users/italofelipe/Desktop/vini-carv-org-main/node_modules/dlv 2' ]
36 silly reify mark retired [
36 silly reify   '/Users/italofelipe/Desktop/vini-carv-org-main/node_modules/emoji-regex 2'
36 silly reify ]
37 silly reify mark retired [
37 silly reify   '/Users/italofelipe/Desktop/vini-carv-org-main/node_modules/es-abstract 2'
37 silly reify ]
38 silly reify mark retired [
38 silly reify   '/Users/italofelipe/Desktop/vini-carv-org-main/node_modules/es-errors 2'
38 silly reify ]
39 silly reify mark retired [
39 silly reify   '/Users/italofelipe/Desktop/vini-carv-org-main/node_modules/es-to-primitive 2'
39 silly reify ]
40 silly reify mark retired [
40 silly reify   '/Users/italofelipe/Desktop/vini-carv-org-main/node_modules/escalade 2'
40 silly reify ]
41 silly reify mark retired [
41 silly reify   '/Users/italofelipe/Desktop/vini-carv-org-main/node_modules/eslint 2'
41 silly reify ]
42 silly reify mark retired [
42 silly reify   '/Users/italofelipe/Desktop/vini-carv-org-main/node_modules/eslint-import-resolver-node 2'
42 silly reify ]
43 silly reify mark retired [
43 silly reify   '/Users/italofelipe/Desktop/vini-carv-org-main/node_modules/eslint-import-resolver-typescript 2'
43 silly reify ]
44 silly reify mark retired [
44 silly reify   '/Users/italofelipe/Desktop/vini-carv-org-main/node_modules/eslint-plugin-import 2'
44 silly reify ]
45 silly reify mark retired [
45 silly reify   '/Users/italofelipe/Desktop/vini-carv-org-main/node_modules/eslint-plugin-react 2'
45 silly reify ]
46 silly reify mark retired [
46 silly reify   '/Users/italofelipe/Desktop/vini-carv-org-main/node_modules/eslint-visitor-keys 2'
46 silly reify ]
47 silly reify mark retired [
47 silly reify   '/Users/italofelipe/Desktop/vini-carv-org-main/node_modules/esquery 2'
47 silly reify ]
48 silly reify mark retired [
48 silly reify   '/Users/italofelipe/Desktop/vini-carv-org-main/node_modules/fast-equals 2'
48 silly reify ]
49 silly reify mark retired [
49 silly reify   '/Users/italofelipe/Desktop/vini-carv-org-main/node_modules/eventemitter3 2'
49 silly reify ]
50 silly reify mark retired [
50 silly reify   '/Users/italofelipe/Desktop/vini-carv-org-main/node_modules/fast-json-stable-stringify 2'
50 silly reify ]
51 silly reify mark retired [
51 silly reify   '/Users/italofelipe/Desktop/vini-carv-org-main/node_modules/fastest-levenshtein 2'
51 silly reify ]
52 silly reify mark retired [
52 silly reify   '/Users/italofelipe/Desktop/vini-carv-org-main/node_modules/foreground-child 2'
52 silly reify ]
53 silly reify mark retired [
53 silly reify   '/Users/italofelipe/Desktop/vini-carv-org-main/node_modules/get-nonce 2'
53 silly reify ]
54 silly reify mark retired [
54 silly reify   '/Users/italofelipe/Desktop/vini-carv-org-main/node_modules/framer-motion 2'
54 silly reify ]
55 silly reify mark retired [ '/Users/italofelipe/Desktop/vini-carv-org-main/node_modules/glob 2' ]
56 silly reify mark retired [ '/Users/italofelipe/Desktop/vini-carv-org-main/node_modules/gopd 2' ]
57 silly reify mark retired [
57 silly reify   '/Users/italofelipe/Desktop/vini-carv-org-main/node_modules/graphemer 2'
57 silly reify ]
58 silly reify mark retired [
58 silly reify   '/Users/italofelipe/Desktop/vini-carv-org-main/node_modules/has-bigints 2'
58 silly reify ]
59 silly reify mark retired [
59 silly reify   '/Users/italofelipe/Desktop/vini-carv-org-main/node_modules/has-property-descriptors 2'
59 silly reify ]
60 silly reify mark retired [
60 silly reify   '/Users/italofelipe/Desktop/vini-carv-org-main/node_modules/has-proto 2'
60 silly reify ]
61 silly reify mark retired [
61 silly reify   '/Users/italofelipe/Desktop/vini-carv-org-main/node_modules/has-symbols 2'
61 silly reify ]
62 silly reify mark retired [
62 silly reify   '/Users/italofelipe/Desktop/vini-carv-org-main/node_modules/has-tostringtag 2'
62 silly reify ]
63 silly reify mark retired [
63 silly reify   '/Users/italofelipe/Desktop/vini-carv-org-main/node_modules/internal-slot 2'
63 silly reify ]
64 silly reify mark retired [
64 silly reify   '/Users/italofelipe/Desktop/vini-carv-org-main/node_modules/internmap 2'
64 silly reify ]
65 silly reify mark retired [
65 silly reify   '/Users/italofelipe/Desktop/vini-carv-org-main/node_modules/is-async-function 2'
65 silly reify ]
66 silly reify mark retired [
66 silly reify   '/Users/italofelipe/Desktop/vini-carv-org-main/node_modules/is-bigint 2'
66 silly reify ]
67 silly reify mark retired [
67 silly reify   '/Users/italofelipe/Desktop/vini-carv-org-main/node_modules/is-boolean-object 2'
67 silly reify ]
68 silly reify mark retired [
68 silly reify   '/Users/italofelipe/Desktop/vini-carv-org-main/node_modules/is-bun-module 2'
68 silly reify ]
69 silly reify mark retired [
69 silly reify   '/Users/italofelipe/Desktop/vini-carv-org-main/node_modules/is-callable 2'
69 silly reify ]
70 silly reify mark retired [
70 silly reify   '/Users/italofelipe/Desktop/vini-carv-org-main/node_modules/is-data-view 2'
70 silly reify ]
71 silly reify mark retired [
71 silly reify   '/Users/italofelipe/Desktop/vini-carv-org-main/node_modules/is-date-object 2'
71 silly reify ]
72 silly reify mark retired [
72 silly reify   '/Users/italofelipe/Desktop/vini-carv-org-main/node_modules/is-finalizationregistry 2'
72 silly reify ]
73 silly reify mark retired [
73 silly reify   '/Users/italofelipe/Desktop/vini-carv-org-main/node_modules/is-map 2'
73 silly reify ]
74 silly reify mark retired [
74 silly reify   '/Users/italofelipe/Desktop/vini-carv-org-main/node_modules/is-number-object 2'
74 silly reify ]
75 silly reify mark retired [
75 silly reify   '/Users/italofelipe/Desktop/vini-carv-org-main/node_modules/is-regex 2'
75 silly reify ]
76 silly reify mark retired [
76 silly reify   '/Users/italofelipe/Desktop/vini-carv-org-main/node_modules/is-string 2'
76 silly reify ]
77 silly reify mark retired [
77 silly reify   '/Users/italofelipe/Desktop/vini-carv-org-main/node_modules/is-typed-array 2'
77 silly reify ]
78 silly reify mark retired [
78 silly reify   '/Users/italofelipe/Desktop/vini-carv-org-main/node_modules/is-weakref 2'
78 silly reify ]
79 silly reify mark retired [
79 silly reify   '/Users/italofelipe/Desktop/vini-carv-org-main/node_modules/is-weakset 2'
79 silly reify ]
80 silly reify mark retired [
80 silly reify   '/Users/italofelipe/Desktop/vini-carv-org-main/node_modules/isexe 2'
80 silly reify ]
81 silly reify mark retired [
81 silly reify   '/Users/italofelipe/Desktop/vini-carv-org-main/node_modules/jackspeak 2'
81 silly reify ]
82 silly reify mark retired [ '/Users/italofelipe/Desktop/vini-carv-org-main/node_modules/jiti 2' ]
83 silly reify mark retired [
83 silly reify   '/Users/italofelipe/Desktop/vini-carv-org-main/node_modules/js-tokens 2'
83 silly reify ]
84 silly reify mark retired [
84 silly reify   '/Users/italofelipe/Desktop/vini-carv-org-main/node_modules/jsx-ast-utils 2'
84 silly reify ]
85 silly reify mark retired [
85 silly reify   '/Users/italofelipe/Desktop/vini-carv-org-main/node_modules/language-subtag-registry 2'
85 silly reify ]
86 silly reify mark retired [
86 silly reify   '/Users/italofelipe/Desktop/vini-carv-org-main/node_modules/language-tags 2'
86 silly reify ]
87 silly reify mark retired [
87 silly reify   '/Users/italofelipe/Desktop/vini-carv-org-main/node_modules/lines-and-columns 2'
87 silly reify ]
88 silly reify mark retired [
88 silly reify   '/Users/italofelipe/Desktop/vini-carv-org-main/node_modules/lodash 2'
88 silly reify ]
89 silly reify mark retired [
89 silly reify   '/Users/italofelipe/Desktop/vini-carv-org-main/node_modules/lucide-react 2'
89 silly reify ]
90 silly reify mark retired [
90 silly reify   '/Users/italofelipe/Desktop/vini-carv-org-main/node_modules/math-intrinsics 2'
90 silly reify ]
91 silly reify mark retired [
91 silly reify   '/Users/italofelipe/Desktop/vini-carv-org-main/node_modules/motion-dom 2'
91 silly reify ]
92 silly reify mark retired [
92 silly reify   '/Users/italofelipe/Desktop/vini-carv-org-main/node_modules/motion-utils 2'
92 silly reify ]
93 silly reify mark retired [
93 silly reify   '/Users/italofelipe/Desktop/vini-carv-org-main/node_modules/next-themes 2'
93 silly reify ]
94 silly reify mark retired [
94 silly reify   '/Users/italofelipe/Desktop/vini-carv-org-main/node_modules/object 2.assign'
94 silly reify ]
95 silly reify mark retired [
95 silly reify   '/Users/italofelipe/Desktop/vini-carv-org-main/node_modules/object-inspect 2'
95 silly reify ]
96 silly reify mark retired [
96 silly reify   '/Users/italofelipe/Desktop/vini-carv-org-main/node_modules/object-keys 2'
96 silly reify ]
97 silly reify mark retired [
97 silly reify   '/Users/italofelipe/Desktop/vini-carv-org-main/node_modules/optionator 2'
97 silly reify ]
98 silly reify mark retired [
98 silly reify   '/Users/italofelipe/Desktop/vini-carv-org-main/node_modules/own-keys 2'
98 silly reify ]
99 silly reify mark retired [
99 silly reify   '/Users/italofelipe/Desktop/vini-carv-org-main/node_modules/pirates 2'
99 silly reify ]
100 silly reify mark retired [
100 silly reify   '/Users/italofelipe/Desktop/vini-carv-org-main/node_modules/postcss-value-parser 2'
100 silly reify ]
101 silly reify mark retired [
101 silly reify   '/Users/italofelipe/Desktop/vini-carv-org-main/node_modules/prop-types 2'
101 silly reify ]
102 silly reify mark retired [
102 silly reify   '/Users/italofelipe/Desktop/vini-carv-org-main/node_modules/react-day-picker 2'
102 silly reify ]
103 silly reify mark retired [
103 silly reify   '/Users/italofelipe/Desktop/vini-carv-org-main/node_modules/react-dom 2'
103 silly reify ]
104 silly reify mark retired [
104 silly reify   '/Users/italofelipe/Desktop/vini-carv-org-main/node_modules/react-hook-form 2'
104 silly reify ]
105 silly reify mark retired [
105 silly reify   '/Users/italofelipe/Desktop/vini-carv-org-main/node_modules/react-is 2'
105 silly reify ]
106 silly reify mark retired [
106 silly reify   '/Users/italofelipe/Desktop/vini-carv-org-main/node_modules/react-remove-scroll 2'
106 silly reify ]
107 silly reify mark retired [
107 silly reify   '/Users/italofelipe/Desktop/vini-carv-org-main/node_modules/react-remove-scroll-bar 2'
107 silly reify ]
108 silly reify mark retired [
108 silly reify   '/Users/italofelipe/Desktop/vini-carv-org-main/node_modules/react-resizable-panels 2'
108 silly reify ]
109 silly reify mark retired [
109 silly reify   '/Users/italofelipe/Desktop/vini-carv-org-main/node_modules/react-smooth 2'
109 silly reify ]
110 silly reify mark retired [
110 silly reify   '/Users/italofelipe/Desktop/vini-carv-org-main/node_modules/react-style-singleton 2'
110 silly reify ]
111 silly reify mark retired [
111 silly reify   '/Users/italofelipe/Desktop/vini-carv-org-main/node_modules/react-transition-group 2'
111 silly reify ]
112 silly reify mark retired [
112 silly reify   '/Users/italofelipe/Desktop/vini-carv-org-main/node_modules/recharts 2'
112 silly reify ]
113 silly reify mark retired [
113 silly reify   '/Users/italofelipe/Desktop/vini-carv-org-main/node_modules/recharts-scale 2'
113 silly reify ]
114 silly reify mark retired [
114 silly reify   '/Users/italofelipe/Desktop/vini-carv-org-main/node_modules/regenerator-runtime 2'
114 silly reify ]
115 silly reify mark retired [
115 silly reify   '/Users/italofelipe/Desktop/vini-carv-org-main/node_modules/resolve 2'
115 silly reify ]
116 silly reify mark retired [
116 silly reify   '/Users/italofelipe/Desktop/vini-carv-org-main/node_modules/safe-push-apply 2'
116 silly reify ]
117 silly reify mark retired [
117 silly reify   '/Users/italofelipe/Desktop/vini-carv-org-main/node_modules/safe-regex-test 2'
117 silly reify ]
118 silly reify mark retired [
118 silly reify   '/Users/italofelipe/Desktop/vini-carv-org-main/node_modules/scheduler 2'
118 silly reify ]
119 silly reify mark retired [
119 silly reify   '/Users/italofelipe/Desktop/vini-carv-org-main/node_modules/set-function-length 2'
119 silly reify ]
120 silly reify mark retired [
120 silly reify   '/Users/italofelipe/Desktop/vini-carv-org-main/node_modules/set-function-name 2'
120 silly reify ]
121 silly reify mark retired [
121 silly reify   '/Users/italofelipe/Desktop/vini-carv-org-main/node_modules/set-proto 2'
121 silly reify ]
122 silly reify mark retired [
122 silly reify   '/Users/italofelipe/Desktop/vini-carv-org-main/node_modules/side-channel 2'
122 silly reify ]
123 silly reify mark retired [
123 silly reify   '/Users/italofelipe/Desktop/vini-carv-org-main/node_modules/side-channel-map 2'
123 silly reify ]
124 silly reify mark retired [
124 silly reify   '/Users/italofelipe/Desktop/vini-carv-org-main/node_modules/side-channel-list 2'
124 silly reify ]
125 silly reify mark retired [
125 silly reify   '/Users/italofelipe/Desktop/vini-carv-org-main/node_modules/sonner 2'
125 silly reify ]
126 silly reify mark retired [
126 silly reify   '/Users/italofelipe/Desktop/vini-carv-org-main/node_modules/source-map-js 2'
126 silly reify ]
127 silly reify mark retired [
127 silly reify   '/Users/italofelipe/Desktop/vini-carv-org-main/node_modules/streamsearch 2'
127 silly reify ]
128 silly reify mark retired [
128 silly reify   '/Users/italofelipe/Desktop/vini-carv-org-main/node_modules/string.prototype 2.includes'
128 silly reify ]
129 silly reify mark retired [
129 silly reify   '/Users/italofelipe/Desktop/vini-carv-org-main/node_modules/string.prototype 2.matchall'
129 silly reify ]
130 silly reify mark retired [
130 silly reify   '/Users/italofelipe/Desktop/vini-carv-org-main/node_modules/styled-jsx 2'
130 silly reify ]
131 silly reify mark retired [
131 silly reify   '/Users/italofelipe/Desktop/vini-carv-org-main/node_modules/sucrase 2'
131 silly reify ]
132 silly reify mark retired [
132 silly reify   '/Users/italofelipe/Desktop/vini-carv-org-main/node_modules/tailwind-merge 2'
132 silly reify ]
133 silly reify mark retired [
133 silly reify   '/Users/italofelipe/Desktop/vini-carv-org-main/node_modules/tiny-invariant 2'
133 silly reify ]
134 silly reify mark retired [
134 silly reify   '/Users/italofelipe/Desktop/vini-carv-org-main/node_modules/tsconfig-paths 2'
134 silly reify ]
135 silly reify mark retired [
135 silly reify   '/Users/italofelipe/Desktop/vini-carv-org-main/node_modules/tslib 2'
135 silly reify ]
136 silly reify mark retired [
136 silly reify   '/Users/italofelipe/Desktop/vini-carv-org-main/node_modules/type-check 2'
136 silly reify ]
137 silly reify mark retired [ '/Users/italofelipe/Desktop/vini-carv-org-main/node_modules/vaul 2' ]
138 silly reify mark retired [
138 silly reify   '/Users/italofelipe/Desktop/vini-carv-org-main/node_modules/victory-vendor 2'
138 silly reify ]
139 silly reify mark retired [
139 silly reify   '/Users/italofelipe/Desktop/vini-carv-org-main/node_modules/wrap-ansi 2'
139 silly reify ]
140 silly reify mark retired [
140 silly reify   '/Users/italofelipe/Desktop/vini-carv-org-main/node_modules/wrap-ansi-cjs 2'
140 silly reify ]
141 silly reify moves {
141 silly reify   '/Users/italofelipe/Desktop/vini-carv-org-main/node_modules/ajv 2': '/Users/italofelipe/Desktop/vini-carv-org-main/node_modules/.ajv 2-Isct5xZz',
141 silly reify   '/Users/italofelipe/Desktop/vini-carv-org-main/node_modules/aria-query 2': '/Users/italofelipe/Desktop/vini-carv-org-main/node_modules/.aria-query 2-1IHC0Drm',
141 silly reify   '/Users/italofelipe/Desktop/vini-carv-org-main/node_modules/call-bind-apply-helpers 2': '/Users/italofelipe/Desktop/vini-carv-org-main/node_modules/.call-bind-apply-helpers 2-QXc5DD8L',
141 silly reify   '/Users/italofelipe/Desktop/vini-carv-org-main/node_modules/array.prototype 2.findlastindex': '/Users/italofelipe/Desktop/vini-carv-org-main/node_modules/.array.prototype 2.findlastindex-ekhjWJBi',
141 silly reify   '/Users/italofelipe/Desktop/vini-carv-org-main/node_modules/d3-array 2': '/Users/italofelipe/Desktop/vini-carv-org-main/node_modules/.d3-array 2-sPmvyIMX',
141 silly reify   '/Users/italofelipe/Desktop/vini-carv-org-main/node_modules/cmdk 2': '/Users/italofelipe/Desktop/vini-carv-org-main/node_modules/.cmdk 2-N5eQEn0L',
141 silly reify   '/Users/italofelipe/Desktop/vini-carv-org-main/node_modules/d3-interpolate 2': '/Users/italofelipe/Desktop/vini-carv-org-main/node_modules/.d3-interpolate 2-VzYf8RO2',
141 silly reify   '/Users/italofelipe/Desktop/vini-carv-org-main/node_modules/d3-path 2': '/Users/italofelipe/Desktop/vini-carv-org-main/node_modules/.d3-path 2-qQT0BZgK',
141 silly reify   '/Users/italofelipe/Desktop/vini-carv-org-main/node_modules/d3-scale 2': '/Users/italofelipe/Desktop/vini-carv-org-main/node_modules/.d3-scale 2-EYCFWXRO',
141 silly reify   '/Users/italofelipe/Desktop/vini-carv-org-main/node_modules/d3-shape 2': '/Users/italofelipe/Desktop/vini-carv-org-main/node_modules/.d3-shape 2-n1GrxkW8',
141 silly reify   '/Users/italofelipe/Desktop/vini-carv-org-main/node_modules/d3-color 2': '/Users/italofelipe/Desktop/vini-carv-org-main/node_modules/.d3-color 2-hegYPw7K',
141 silly reify   '/Users/italofelipe/Desktop/vini-carv-org-main/node_modules/d3-ease 2': '/Users/italofelipe/Desktop/vini-carv-org-main/node_modules/.d3-ease 2-yYrSucn5',
141 silly reify   '/Users/italofelipe/Desktop/vini-carv-org-main/node_modules/d3-format 2': '/Users/italofelipe/Desktop/vini-carv-org-main/node_modules/.d3-format 2-bWWlLLW1',
141 silly reify   '/Users/italofelipe/Desktop/vini-carv-org-main/node_modules/d3-time 2': '/Users/italofelipe/Desktop/vini-carv-org-main/node_modules/.d3-time 2-0GR4M1Ag',
141 silly reify   '/Users/italofelipe/Desktop/vini-carv-org-main/node_modules/d3-time-format 2': '/Users/italofelipe/Desktop/vini-carv-org-main/node_modules/.d3-time-format 2-XQFbGyyQ',
141 silly reify   '/Users/italofelipe/Desktop/vini-carv-org-main/node_modules/d3-timer 2': '/Users/italofelipe/Desktop/vini-carv-org-main/node_modules/.d3-timer 2-WpHpy5jM',
141 silly reify   '/Users/italofelipe/Desktop/vini-carv-org-main/node_modules/decimal 2.js-light': '/Users/italofelipe/Desktop/vini-carv-org-main/node_modules/.decimal 2.js-light-mTktiJvm',
141 silly reify   '/Users/italofelipe/Desktop/vini-carv-org-main/node_modules/deep-is 2': '/Users/italofelipe/Desktop/vini-carv-org-main/node_modules/.deep-is 2-rC70KiiH',
141 silly reify   '/Users/italofelipe/Desktop/vini-carv-org-main/node_modules/dom-helpers 2': '/Users/italofelipe/Desktop/vini-carv-org-main/node_modules/.dom-helpers 2-Rm4L7iAF',
141 silly reify   '/Users/italofelipe/Desktop/vini-carv-org-main/node_modules/dlv 2': '/Users/italofelipe/Desktop/vini-carv-org-main/node_modules/.dlv 2-bOiT8mCw',
141 silly reify   '/Users/italofelipe/Desktop/vini-carv-org-main/node_modules/emoji-regex 2': '/Users/italofelipe/Desktop/vini-carv-org-main/node_modules/.emoji-regex 2-FSX69aRM',
141 silly reify   '/Users/italofelipe/Desktop/vini-carv-org-main/node_modules/es-abstract 2': '/Users/italofelipe/Desktop/vini-carv-org-main/node_modules/.es-abstract 2-V6KfjIfs',
141 silly reify   '/Users/italofelipe/Desktop/vini-carv-org-main/node_modules/es-errors 2': '/Users/italofelipe/Desktop/vini-carv-org-main/node_modules/.es-errors 2-LOyMYUdC',
141 silly reify   '/Users/italofelipe/Desktop/vini-carv-org-main/node_modules/es-to-primitive 2': '/Users/italofelipe/Desktop/vini-carv-org-main/node_modules/.es-to-primitive 2-6e20GvNn',
141 silly reify   '/Users/italofelipe/Desktop/vini-carv-org-main/node_modules/escalade 2': '/Users/italofelipe/Desktop/vini-carv-org-main/node_modules/.escalade 2-SMeuDKNC',
141 silly reify   '/Users/italofelipe/Desktop/vini-carv-org-main/node_modules/eslint 2': '/Users/italofelipe/Desktop/vini-carv-org-main/node_modules/.eslint 2-xMOAuTaM',
141 silly reify   '/Users/italofelipe/Desktop/vini-carv-org-main/node_modules/eslint-import-resolver-node 2': '/Users/italofelipe/Desktop/vini-carv-org-main/node_modules/.eslint-import-resolver-node 2-4JHAXwwr',
141 silly reify   '/Users/italofelipe/Desktop/vini-carv-org-main/node_modules/eslint-import-resolver-typescript 2': '/Users/italofelipe/Desktop/vini-carv-org-main/node_modules/.eslint-import-resolver-typescript 2-lDnE861z',
141 silly reify   '/Users/italofelipe/Desktop/vini-carv-org-main/node_modules/eslint-plugin-import 2': '/Users/italofelipe/Desktop/vini-carv-org-main/node_modules/.eslint-plugin-import 2-BFPNL4Uz',
141 silly reify   '/Users/italofelipe/Desktop/vini-carv-org-main/node_modules/eslint-plugin-react 2': '/Users/italofelipe/Desktop/vini-carv-org-main/node_modules/.eslint-plugin-react 2-dJ6kD295',
141 silly reify   '/Users/italofelipe/Desktop/vini-carv-org-main/node_modules/eslint-visitor-keys 2': '/Users/italofelipe/Desktop/vini-carv-org-main/node_modules/.eslint-visitor-keys 2-Vt6sOudf',
141 silly reify   '/Users/italofelipe/Desktop/vini-carv-org-main/node_modules/esquery 2': '/Users/italofelipe/Desktop/vini-carv-org-main/node_modules/.esquery 2-VFlMQyTy',
141 silly reify   '/Users/italofelipe/Desktop/vini-carv-org-main/node_modules/fast-equals 2': '/Users/italofelipe/Desktop/vini-carv-org-main/node_modules/.fast-equals 2-ww4n9IuQ',
141 silly reify   '/Users/italofelipe/Desktop/vini-carv-org-main/node_modules/eventemitter3 2': '/Users/italofelipe/Desktop/vini-carv-org-main/node_modules/.eventemitter3 2-KEVj9HU6',
141 silly reify   '/Users/italofelipe/Desktop/vini-carv-org-main/node_modules/fast-json-stable-stringify 2': '/Users/italofelipe/Desktop/vini-carv-org-main/node_modules/.fast-json-stable-stringify 2-Y2svy8rp',
141 silly reify   '/Users/italofelipe/Desktop/vini-carv-org-main/node_modules/fastest-levenshtein 2': '/Users/italofelipe/Desktop/vini-carv-org-main/node_modules/.fastest-levenshtein 2-qeo1TD7M',
141 silly reify   '/Users/italofelipe/Desktop/vini-carv-org-main/node_modules/foreground-child 2': '/Users/italofelipe/Desktop/vini-carv-org-main/node_modules/.foreground-child 2-r4Fyy9wJ',
141 silly reify   '/Users/italofelipe/Desktop/vini-carv-org-main/node_modules/get-nonce 2': '/Users/italofelipe/Desktop/vini-carv-org-main/node_modules/.get-nonce 2-MHnv2ddp',
141 silly reify   '/Users/italofelipe/Desktop/vini-carv-org-main/node_modules/framer-motion 2': '/Users/italofelipe/Desktop/vini-carv-org-main/node_modules/.framer-motion 2-joFondF5',
141 silly reify   '/Users/italofelipe/Desktop/vini-carv-org-main/node_modules/glob 2': '/Users/italofelipe/Desktop/vini-carv-org-main/node_modules/.glob 2-QE1N95jR',
141 silly reify   '/Users/italofelipe/Desktop/vini-carv-org-main/node_modules/gopd 2': '/Users/italofelipe/Desktop/vini-carv-org-main/node_modules/.gopd 2-TdgdoWLH',
141 silly reify   '/Users/italofelipe/Desktop/vini-carv-org-main/node_modules/graphemer 2': '/Users/italofelipe/Desktop/vini-carv-org-main/node_modules/.graphemer 2-cTPoKGqL',
141 silly reify   '/Users/italofelipe/Desktop/vini-carv-org-main/node_modules/has-bigints 2': '/Users/italofelipe/Desktop/vini-carv-org-main/node_modules/.has-bigints 2-LdPP2n6g',
141 silly reify   '/Users/italofelipe/Desktop/vini-carv-org-main/node_modules/has-property-descriptors 2': '/Users/italofelipe/Desktop/vini-carv-org-main/node_modules/.has-property-descriptors 2-KSD4cMtT',
141 silly reify   '/Users/italofelipe/Desktop/vini-carv-org-main/node_modules/has-proto 2': '/Users/italofelipe/Desktop/vini-carv-org-main/node_modules/.has-proto 2-mjV02Gjf',
141 silly reify   '/Users/italofelipe/Desktop/vini-carv-org-main/node_modules/has-symbols 2': '/Users/italofelipe/Desktop/vini-carv-org-main/node_modules/.has-symbols 2-LI5YtrNE',
141 silly reify   '/Users/italofelipe/Desktop/vini-carv-org-main/node_modules/has-tostringtag 2': '/Users/italofelipe/Desktop/vini-carv-org-main/node_modules/.has-tostringtag 2-xHJPCTsV',
141 silly reify   '/Users/italofelipe/Desktop/vini-carv-org-main/node_modules/internal-slot 2': '/Users/italofelipe/Desktop/vini-carv-org-main/node_modules/.internal-slot 2-Cxig3V0k',
141 silly reify   '/Users/italofelipe/Desktop/vini-carv-org-main/node_modules/internmap 2': '/Users/italofelipe/Desktop/vini-carv-org-main/node_modules/.internmap 2-Sueqb4vG',
141 silly reify   '/Users/italofelipe/Desktop/vini-carv-org-main/node_modules/is-async-function 2': '/Users/italofelipe/Desktop/vini-carv-org-main/node_modules/.is-async-function 2-SxRBaQ8Y',
141 silly reify   '/Users/italofelipe/Desktop/vini-carv-org-main/node_modules/is-bigint 2': '/Users/italofelipe/Desktop/vini-carv-org-main/node_modules/.is-bigint 2-k7WNE8C6',
141 silly reify   '/Users/italofelipe/Desktop/vini-carv-org-main/node_modules/is-boolean-object 2': '/Users/italofelipe/Desktop/vini-carv-org-main/node_modules/.is-boolean-object 2-jnRyolqW',
141 silly reify   '/Users/italofelipe/Desktop/vini-carv-org-main/node_modules/is-bun-module 2': '/Users/italofelipe/Desktop/vini-carv-org-main/node_modules/.is-bun-module 2-lX0gGtFX',
141 silly reify   '/Users/italofelipe/Desktop/vini-carv-org-main/node_modules/is-callable 2': '/Users/italofelipe/Desktop/vini-carv-org-main/node_modules/.is-callable 2-VSjlQClD',
141 silly reify   '/Users/italofelipe/Desktop/vini-carv-org-main/node_modules/is-data-view 2': '/Users/italofelipe/Desktop/vini-carv-org-main/node_modules/.is-data-view 2-dcsQCNCB',
141 silly reify   '/Users/italofelipe/Desktop/vini-carv-org-main/node_modules/is-date-object 2': '/Users/italofelipe/Desktop/vini-carv-org-main/node_modules/.is-date-object 2-JdL8BwHd',
141 silly reify   '/Users/italofelipe/Desktop/vini-carv-org-main/node_modules/is-finalizationregistry 2': '/Users/italofelipe/Desktop/vini-carv-org-main/node_modules/.is-finalizationregistry 2-XMwkkzzf',
141 silly reify   '/Users/italofelipe/Desktop/vini-carv-org-main/node_modules/is-map 2': '/Users/italofelipe/Desktop/vini-carv-org-main/node_modules/.is-map 2-fbpsNC8F',
141 silly reify   '/Users/italofelipe/Desktop/vini-carv-org-main/node_modules/is-number-object 2': '/Users/italofelipe/Desktop/vini-carv-org-main/node_modules/.is-number-object 2-JwSLJOTP',
141 silly reify   '/Users/italofelipe/Desktop/vini-carv-org-main/node_modules/is-regex 2': '/Users/italofelipe/Desktop/vini-carv-org-main/node_modules/.is-regex 2-zv1fXBKO',
141 silly reify   '/Users/italofelipe/Desktop/vini-carv-org-main/node_modules/is-string 2': '/Users/italofelipe/Desktop/vini-carv-org-main/node_modules/.is-string 2-NppF0THk',
141 silly reify   '/Users/italofelipe/Desktop/vini-carv-org-main/node_modules/is-typed-array 2': '/Users/italofelipe/Desktop/vini-carv-org-main/node_modules/.is-typed-array 2-uTnksYOu',
141 silly reify   '/Users/italofelipe/Desktop/vini-carv-org-main/node_modules/is-weakref 2': '/Users/italofelipe/Desktop/vini-carv-org-main/node_modules/.is-weakref 2-9GEt0eBv',
141 silly reify   '/Users/italofelipe/Desktop/vini-carv-org-main/node_modules/is-weakset 2': '/Users/italofelipe/Desktop/vini-carv-org-main/node_modules/.is-weakset 2-i34t2lts',
141 silly reify   '/Users/italofelipe/Desktop/vini-carv-org-main/node_modules/isexe 2': '/Users/italofelipe/Desktop/vini-carv-org-main/node_modules/.isexe 2-bvWImdnD',
141 silly reify   '/Users/italofelipe/Desktop/vini-carv-org-main/node_modules/jackspeak 2': '/Users/italofelipe/Desktop/vini-carv-org-main/node_modules/.jackspeak 2-mzumaVJu',
141 silly reify   '/Users/italofelipe/Desktop/vini-carv-org-main/node_modules/jiti 2': '/Users/italofelipe/Desktop/vini-carv-org-main/node_modules/.jiti 2-6PeW5Him',
141 silly reify   '/Users/italofelipe/Desktop/vini-carv-org-main/node_modules/js-tokens 2': '/Users/italofelipe/Desktop/vini-carv-org-main/node_modules/.js-tokens 2-7aeMdoO9',
141 silly reify   '/Users/italofelipe/Desktop/vini-carv-org-main/node_modules/jsx-ast-utils 2': '/Users/italofelipe/Desktop/vini-carv-org-main/node_modules/.jsx-ast-utils 2-NHLqZREK',
141 silly reify   '/Users/italofelipe/Desktop/vini-carv-org-main/node_modules/language-subtag-registry 2': '/Users/italofelipe/Desktop/vini-carv-org-main/node_modules/.language-subtag-registry 2-iRuyT0uj',
141 silly reify   '/Users/italofelipe/Desktop/vini-carv-org-main/node_modules/language-tags 2': '/Users/italofelipe/Desktop/vini-carv-org-main/node_modules/.language-tags 2-fwGtOhZX',
141 silly reify   '/Users/italofelipe/Desktop/vini-carv-org-main/node_modules/lines-and-columns 2': '/Users/italofelipe/Desktop/vini-carv-org-main/node_modules/.lines-and-columns 2-iuASRRQa',
141 silly reify   '/Users/italofelipe/Desktop/vini-carv-org-main/node_modules/lodash 2': '/Users/italofelipe/Desktop/vini-carv-org-main/node_modules/.lodash 2-rtBqUjIT',
141 silly reify   '/Users/italofelipe/Desktop/vini-carv-org-main/node_modules/lucide-react 2': '/Users/italofelipe/Desktop/vini-carv-org-main/node_modules/.lucide-react 2-YPRJuEdy',
141 silly reify   '/Users/italofelipe/Desktop/vini-carv-org-main/node_modules/math-intrinsics 2': '/Users/italofelipe/Desktop/vini-carv-org-main/node_modules/.math-intrinsics 2-3MKfZSxw',
141 silly reify   '/Users/italofelipe/Desktop/vini-carv-org-main/node_modules/motion-dom 2': '/Users/italofelipe/Desktop/vini-carv-org-main/node_modules/.motion-dom 2-LQ1t8EYA',
141 silly reify   '/Users/italofelipe/Desktop/vini-carv-org-main/node_modules/motion-utils 2': '/Users/italofelipe/Desktop/vini-carv-org-main/node_modules/.motion-utils 2-Q5BhbTxo',
141 silly reify   '/Users/italofelipe/Desktop/vini-carv-org-main/node_modules/next-themes 2': '/Users/italofelipe/Desktop/vini-carv-org-main/node_modules/.next-themes 2-Y4tIoVQw',
141 silly reify   '/Users/italofelipe/Desktop/vini-carv-org-main/node_modules/object 2.assign': '/Users/italofelipe/Desktop/vini-carv-org-main/node_modules/.object 2.assign-XWqQyuh3',
141 silly reify   '/Users/italofelipe/Desktop/vini-carv-org-main/node_modules/object-inspect 2': '/Users/italofelipe/Desktop/vini-carv-org-main/node_modules/.object-inspect 2-OEM0ucCn',
141 silly reify   '/Users/italofelipe/Desktop/vini-carv-org-main/node_modules/object-keys 2': '/Users/italofelipe/Desktop/vini-carv-org-main/node_modules/.object-keys 2-aH2CG4C0',
141 silly reify   '/Users/italofelipe/Desktop/vini-carv-org-main/node_modules/optionator 2': '/Users/italofelipe/Desktop/vini-carv-org-main/node_modules/.optionator 2-YXI1dxmC',
141 silly reify   '/Users/italofelipe/Desktop/vini-carv-org-main/node_modules/own-keys 2': '/Users/italofelipe/Desktop/vini-carv-org-main/node_modules/.own-keys 2-QB7qBFFo',
141 silly reify   '/Users/italofelipe/Desktop/vini-carv-org-main/node_modules/pirates 2': '/Users/italofelipe/Desktop/vini-carv-org-main/node_modules/.pirates 2-ElZ8u56A',
141 silly reify   '/Users/italofelipe/Desktop/vini-carv-org-main/node_modules/postcss-value-parser 2': '/Users/italofelipe/Desktop/vini-carv-org-main/node_modules/.postcss-value-parser 2-bFtJ8UNK',
141 silly reify   '/Users/italofelipe/Desktop/vini-carv-org-main/node_modules/prop-types 2': '/Users/italofelipe/Desktop/vini-carv-org-main/node_modules/.prop-types 2-7Pi1HloY',
141 silly reify   '/Users/italofelipe/Desktop/vini-carv-org-main/node_modules/react-day-picker 2': '/Users/italofelipe/Desktop/vini-carv-org-main/node_modules/.react-day-picker 2-puulgnA7',
141 silly reify   '/Users/italofelipe/Desktop/vini-carv-org-main/node_modules/react-dom 2': '/Users/italofelipe/Desktop/vini-carv-org-main/node_modules/.react-dom 2-nhkgZdVb',
141 silly reify   '/Users/italofelipe/Desktop/vini-carv-org-main/node_modules/react-hook-form 2': '/Users/italofelipe/Desktop/vini-carv-org-main/node_modules/.react-hook-form 2-tgrTN8np',
141 silly reify   '/Users/italofelipe/Desktop/vini-carv-org-main/node_modules/react-is 2': '/Users/italofelipe/Desktop/vini-carv-org-main/node_modules/.react-is 2-ZziGDfUI',
141 silly reify   '/Users/italofelipe/Desktop/vini-carv-org-main/node_modules/react-remove-scroll 2': '/Users/italofelipe/Desktop/vini-carv-org-main/node_modules/.react-remove-scroll 2-B2qQv9RZ',
141 silly reify   '/Users/italofelipe/Desktop/vini-carv-org-main/node_modules/react-remove-scroll-bar 2': '/Users/italofelipe/Desktop/vini-carv-org-main/node_modules/.react-remove-scroll-bar 2-pSb59rUc',
141 silly reify   '/Users/italofelipe/Desktop/vini-carv-org-main/node_modules/react-resizable-panels 2': '/Users/italofelipe/Desktop/vini-carv-org-main/node_modules/.react-resizable-panels 2-l7dsNH8N',
141 silly reify   '/Users/italofelipe/Desktop/vini-carv-org-main/node_modules/react-smooth 2': '/Users/italofelipe/Desktop/vini-carv-org-main/node_modules/.react-smooth 2-wcTqWUsm',
141 silly reify   '/Users/italofelipe/Desktop/vini-carv-org-main/node_modules/react-style-singleton 2': '/Users/italofelipe/Desktop/vini-carv-org-main/node_modules/.react-style-singleton 2-Vvs2h73S',
141 silly reify   '/Users/italofelipe/Desktop/vini-carv-org-main/node_modules/react-transition-group 2': '/Users/italofelipe/Desktop/vini-carv-org-main/node_modules/.react-transition-group 2-4VqusRno',
141 silly reify   '/Users/italofelipe/Desktop/vini-carv-org-main/node_modules/recharts 2': '/Users/italofelipe/Desktop/vini-carv-org-main/node_modules/.recharts 2-sKgq8voO',
141 silly reify   '/Users/italofelipe/Desktop/vini-carv-org-main/node_modules/recharts-scale 2': '/Users/italofelipe/Desktop/vini-carv-org-main/node_modules/.recharts-scale 2-xa7lq1KN',
141 silly reify   '/Users/italofelipe/Desktop/vini-carv-org-main/node_modules/regenerator-runtime 2': '/Users/italofelipe/Desktop/vini-carv-org-main/node_modules/.regenerator-runtime 2-t4KLwLdb',
141 silly reify   '/Users/italofelipe/Desktop/vini-carv-org-main/node_modules/resolve 2': '/Users/italofelipe/Desktop/vini-carv-org-main/node_modules/.resolve 2-Wb217upw',
141 silly reify   '/Users/italofelipe/Desktop/vini-carv-org-main/node_modules/safe-push-apply 2': '/Users/italofelipe/Desktop/vini-carv-org-main/node_modules/.safe-push-apply 2-tgNTz281',
141 silly reify   '/Users/italofelipe/Desktop/vini-carv-org-main/node_modules/safe-regex-test 2': '/Users/italofelipe/Desktop/vini-carv-org-main/node_modules/.safe-regex-test 2-HiYt43Od',
141 silly reify   '/Users/italofelipe/Desktop/vini-carv-org-main/node_modules/scheduler 2': '/Users/italofelipe/Desktop/vini-carv-org-main/node_modules/.scheduler 2-G8ittJcu',
141 silly reify   '/Users/italofelipe/Desktop/vini-carv-org-main/node_modules/set-function-length 2': '/Users/italofelipe/Desktop/vini-carv-org-main/node_modules/.set-function-length 2-3xj0YdzZ',
141 silly reify   '/Users/italofelipe/Desktop/vini-carv-org-main/node_modules/set-function-name 2': '/Users/italofelipe/Desktop/vini-carv-org-main/node_modules/.set-function-name 2-VfbQ5biU',
141 silly reify   '/Users/italofelipe/Desktop/vini-carv-org-main/node_modules/set-proto 2': '/Users/italofelipe/Desktop/vini-carv-org-main/node_modules/.set-proto 2-dplogRM9',
141 silly reify   '/Users/italofelipe/Desktop/vini-carv-org-main/node_modules/side-channel 2': '/Users/italofelipe/Desktop/vini-carv-org-main/node_modules/.side-channel 2-xxBTltXo',
141 silly reify   '/Users/italofelipe/Desktop/vini-carv-org-main/node_modules/side-channel-map 2': '/Users/italofelipe/Desktop/vini-carv-org-main/node_modules/.side-channel-map 2-3zFX8K1i',
141 silly reify   '/Users/italofelipe/Desktop/vini-carv-org-main/node_modules/side-channel-list 2': '/Users/italofelipe/Desktop/vini-carv-org-main/node_modules/.side-channel-list 2-ZteuSMWN',
141 silly reify   '/Users/italofelipe/Desktop/vini-carv-org-main/node_modules/sonner 2': '/Users/italofelipe/Desktop/vini-carv-org-main/node_modules/.sonner 2-V0bxUClL',
141 silly reify   '/Users/italofelipe/Desktop/vini-carv-org-main/node_modules/source-map-js 2': '/Users/italofelipe/Desktop/vini-carv-org-main/node_modules/.source-map-js 2-q3QKdqve',
141 silly reify   '/Users/italofelipe/Desktop/vini-carv-org-main/node_modules/streamsearch 2': '/Users/italofelipe/Desktop/vini-carv-org-main/node_modules/.streamsearch 2-Ku7xrXy1',
141 silly reify   '/Users/italofelipe/Desktop/vini-carv-org-main/node_modules/string.prototype 2.includes': '/Users/italofelipe/Desktop/vini-carv-org-main/node_modules/.string.prototype 2.includes-ZV5zdyua',
141 silly reify   '/Users/italofelipe/Desktop/vini-carv-org-main/node_modules/string.prototype 2.matchall': '/Users/italofelipe/Desktop/vini-carv-org-main/node_modules/.string.prototype 2.matchall-YvlKa4MG',
141 silly reify   '/Users/italofelipe/Desktop/vini-carv-org-main/node_modules/styled-jsx 2': '/Users/italofelipe/Desktop/vini-carv-org-main/node_modules/.styled-jsx 2-pP28VvA9',
141 silly reify   '/Users/italofelipe/Desktop/vini-carv-org-main/node_modules/sucrase 2': '/Users/italofelipe/Desktop/vini-carv-org-main/node_modules/.sucrase 2-GOAHScP9',
141 silly reify   '/Users/italofelipe/Desktop/vini-carv-org-main/node_modules/tailwind-merge 2': '/Users/italofelipe/Desktop/vini-carv-org-main/node_modules/.tailwind-merge 2-nOQA2Hf5',
141 silly reify   '/Users/italofelipe/Desktop/vini-carv-org-main/node_modules/tiny-invariant 2': '/Users/italofelipe/Desktop/vini-carv-org-main/node_modules/.tiny-invariant 2-qTOqmcXa',
141 silly reify   '/Users/italofelipe/Desktop/vini-carv-org-main/node_modules/tsconfig-paths 2': '/Users/italofelipe/Desktop/vini-carv-org-main/node_modules/.tsconfig-paths 2-WvSMcaii',
141 silly reify   '/Users/italofelipe/Desktop/vini-carv-org-main/node_modules/tslib 2': '/Users/italofelipe/Desktop/vini-carv-org-main/node_modules/.tslib 2-eOc3PW33',
141 silly reify   '/Users/italofelipe/Desktop/vini-carv-org-main/node_modules/type-check 2': '/Users/italofelipe/Desktop/vini-carv-org-main/node_modules/.type-check 2-9EbWYcru',
141 silly reify   '/Users/italofelipe/Desktop/vini-carv-org-main/node_modules/vaul 2': '/Users/italofelipe/Desktop/vini-carv-org-main/node_modules/.vaul 2-PL5U1MRG',
141 silly reify   '/Users/italofelipe/Desktop/vini-carv-org-main/node_modules/victory-vendor 2': '/Users/italofelipe/Desktop/vini-carv-org-main/node_modules/.victory-vendor 2-tOwqPAzA',
141 silly reify   '/Users/italofelipe/Desktop/vini-carv-org-main/node_modules/wrap-ansi 2': '/Users/italofelipe/Desktop/vini-carv-org-main/node_modules/.wrap-ansi 2-FyatM86U',
141 silly reify   '/Users/italofelipe/Desktop/vini-carv-org-main/node_modules/wrap-ansi-cjs 2': '/Users/italofelipe/Desktop/vini-carv-org-main/node_modules/.wrap-ansi-cjs 2-HhgN23B8'
141 silly reify }
142 silly audit bulk request {
142 silly audit   '@alloc/quick-lru': [ '5.2.0' ],
142 silly audit   '@babel/runtime': [ '7.26.0' ],
142 silly audit   '@date-fns/tz': [ '1.2.0' ],
142 silly audit   '@eslint-community/eslint-utils': [ '4.4.1' ],
142 silly audit   '@eslint-community/regexpp': [ '4.12.1' ],
142 silly audit   '@eslint/eslintrc': [ '2.1.4' ],
142 silly audit   '@eslint/js': [ '8.57.1' ],
142 silly audit   '@floating-ui/core': [ '1.6.9' ],
142 silly audit   '@floating-ui/dom': [ '1.6.13' ],
142 silly audit   '@floating-ui/react-dom': [ '2.1.2' ],
142 silly audit   '@floating-ui/utils': [ '0.2.9' ],
142 silly audit   '@humanwhocodes/config-array': [ '0.13.0' ],
142 silly audit   '@humanwhocodes/module-importer': [ '1.0.1' ],
142 silly audit   '@humanwhocodes/object-schema': [ '2.0.3' ],
142 silly audit   '@isaacs/cliui': [ '8.0.2' ],
142 silly audit   'ansi-regex': [ '6.1.0', '5.0.1' ],
142 silly audit   'strip-ansi': [ '7.1.0', '6.0.1' ],
142 silly audit   '@jridgewell/gen-mapping': [ '0.3.8' ],
142 silly audit   '@jridgewell/resolve-uri': [ '3.1.2' ],
142 silly audit   '@jridgewell/set-array': [ '1.2.1' ],
142 silly audit   '@jridgewell/sourcemap-codec': [ '1.5.0' ],
142 silly audit   '@jridgewell/trace-mapping': [ '0.3.25' ],
142 silly audit   '@next/env': [ '14.1.0' ],
142 silly audit   '@next/eslint-plugin-next': [ '14.1.0' ],
142 silly audit   '@next/swc-darwin-arm64': [ '14.1.0' ],
142 silly audit   '@next/swc-darwin-x64': [ '14.1.0' ],
142 silly audit   '@next/swc-linux-arm64-gnu': [ '14.1.0' ],
142 silly audit   '@next/swc-linux-arm64-musl': [ '14.1.0' ],
142 silly audit   '@next/swc-linux-x64-gnu': [ '14.1.0' ],
142 silly audit   '@next/swc-linux-x64-musl': [ '14.1.0' ],
142 silly audit   '@next/swc-win32-arm64-msvc': [ '14.1.0' ],
142 silly audit   '@next/swc-win32-ia32-msvc': [ '14.1.0' ],
142 silly audit   '@next/swc-win32-x64-msvc': [ '14.1.0' ],
142 silly audit   '@nodelib/fs.scandir': [ '2.1.5' ],
142 silly audit   '@nodelib/fs.stat': [ '2.0.5' ],
142 silly audit   '@nodelib/fs.walk': [ '1.2.8' ],
142 silly audit   '@nolyfill/is-core-module': [ '1.0.39' ],
142 silly audit   '@pkgjs/parseargs': [ '0.11.0' ],
142 silly audit   '@radix-ui/number': [ '1.1.0' ],
142 silly audit   '@radix-ui/primitive': [ '1.1.1', '1.0.0' ],
142 silly audit   '@radix-ui/react-accordion': [ '1.2.2' ],
142 silly audit   '@radix-ui/react-alert-dialog': [ '1.1.4' ],
142 silly audit   '@radix-ui/react-arrow': [ '1.1.1' ],
142 silly audit   '@radix-ui/react-aspect-ratio': [ '1.1.1' ],
142 silly audit   '@radix-ui/react-avatar': [ '1.1.2' ],
142 silly audit   '@radix-ui/react-checkbox': [ '1.1.3' ],
142 silly audit   '@radix-ui/react-collapsible': [ '1.1.2' ],
142 silly audit   '@radix-ui/react-collection': [ '1.1.1' ],
142 silly audit   '@radix-ui/react-compose-refs': [ '1.1.1', '1.0.0' ],
142 silly audit   '@radix-ui/react-context': [ '1.1.1', '1.0.0' ],
142 silly audit   '@radix-ui/react-context-menu': [ '2.2.4' ],
142 silly audit   '@radix-ui/react-dialog': [ '1.1.4', '1.0.0' ],
142 silly audit   '@radix-ui/react-direction': [ '1.1.0' ],
142 silly audit   '@radix-ui/react-dismissable-layer': [ '1.1.3', '1.0.0' ],
142 silly audit   '@radix-ui/react-dropdown-menu': [ '2.1.4' ],
142 silly audit   '@radix-ui/react-focus-guards': [ '1.1.1', '1.0.0' ],
142 silly audit   '@radix-ui/react-focus-scope': [ '1.1.1', '1.0.0' ],
142 silly audit   '@radix-ui/react-hover-card': [ '1.1.4' ],
142 silly audit   '@radix-ui/react-id': [ '1.1.0', '1.0.0' ],
142 silly audit   '@radix-ui/react-label': [ '2.1.1' ],
142 silly audit   '@radix-ui/react-menu': [ '2.1.4' ],
142 silly audit   '@radix-ui/react-menubar': [ '1.1.4' ],
142 silly audit   '@radix-ui/react-navigation-menu': [ '1.2.3' ],
142 silly audit   '@radix-ui/react-popover': [ '1.1.4' ],
142 silly audit   '@radix-ui/react-popper': [ '1.2.1' ],
142 silly audit   '@radix-ui/react-portal': [ '1.1.3', '1.0.0' ],
142 silly audit   '@radix-ui/react-presence': [ '1.1.2', '1.0.0' ],
142 silly audit   '@radix-ui/react-primitive': [ '2.0.1', '1.0.0' ],
142 silly audit   '@radix-ui/react-progress': [ '1.1.1' ],
142 silly audit   '@radix-ui/react-radio-group': [ '1.2.2' ],
142 silly audit   '@radix-ui/react-roving-focus': [ '1.1.1' ],
142 silly audit   '@radix-ui/react-scroll-area': [ '1.2.2' ],
142 silly audit   '@radix-ui/react-select': [ '2.1.4' ],
142 silly audit   '@radix-ui/react-separator': [ '1.1.1' ],
142 silly audit   '@radix-ui/react-slider': [ '1.2.2' ],
142 silly audit   '@radix-ui/react-slot': [ '1.1.1', '1.0.0' ],
142 silly audit   '@radix-ui/react-switch': [ '1.1.2' ],
142 silly audit   '@radix-ui/react-tabs': [ '1.1.2' ],
142 silly audit   '@radix-ui/react-toast': [ '1.2.4' ],
142 silly audit   '@radix-ui/react-toggle': [ '1.1.1' ],
142 silly audit   '@radix-ui/react-toggle-group': [ '1.1.1' ],
142 silly audit   '@radix-ui/react-tooltip': [ '1.1.6' ],
142 silly audit   '@radix-ui/react-use-callback-ref': [ '1.1.0', '1.0.0' ],
142 silly audit   '@radix-ui/react-use-controllable-state': [ '1.1.0', '1.0.0' ],
142 silly audit   '@radix-ui/react-use-escape-keydown': [ '1.1.0', '1.0.0' ],
142 silly audit   '@radix-ui/react-use-layout-effect': [ '1.1.0', '1.0.0' ],
142 silly audit   '@radix-ui/react-use-previous': [ '1.1.0' ],
142 silly audit   '@radix-ui/react-use-rect': [ '1.1.0' ],
142 silly audit   '@radix-ui/react-use-size': [ '1.1.0' ],
142 silly audit   '@radix-ui/react-visually-hidden': [ '1.1.1' ],
142 silly audit   '@radix-ui/rect': [ '1.1.0' ],
142 silly audit   '@rtsao/scc': [ '1.1.0' ],
142 silly audit   '@rushstack/eslint-patch': [ '1.10.5' ],
142 silly audit   '@swc/helpers': [ '0.5.2' ],
142 silly audit   '@types/d3-array': [ '3.2.1' ],
142 silly audit   '@types/d3-color': [ '3.1.3' ],
142 silly audit   '@types/d3-ease': [ '3.0.2' ],
142 silly audit   '@types/d3-interpolate': [ '3.0.4' ],
142 silly audit   '@types/d3-path': [ '3.1.0' ],
142 silly audit   '@types/d3-scale': [ '4.0.8' ],
142 silly audit   '@types/d3-shape': [ '3.1.7' ],
142 silly audit   '@types/d3-time': [ '3.0.4' ],
142 silly audit   '@types/d3-timer': [ '3.0.2' ],
142 silly audit   '@types/json5': [ '0.0.29' ],
142 silly audit   '@types/node': [ '20.17.14' ],
142 silly audit   '@types/prop-types': [ '15.7.14' ],
142 silly audit   '@types/react': [ '18.3.18' ],
142 silly audit   '@types/react-dom': [ '18.3.5' ],
142 silly audit   '@typescript-eslint/parser': [ '6.21.0' ],
142 silly audit   '@typescript-eslint/scope-manager': [ '6.21.0' ],
142 silly audit   '@typescript-eslint/types': [ '6.21.0' ],
142 silly audit   '@typescript-eslint/typescript-estree': [ '6.21.0' ],
142 silly audit   'brace-expansion': [ '2.0.1', '1.1.11' ],
142 silly audit   minimatch: [ '9.0.3', '9.0.5', '3.1.2' ],
142 silly audit   '@typescript-eslint/visitor-keys': [ '6.21.0' ],
142 silly audit   '@ungap/structured-clone': [ '1.2.1' ],
142 silly audit   '@zxcvbn-ts/core': [ '3.0.4' ],
142 silly audit   '@zxcvbn-ts/language-common': [ '3.0.4' ],
142 silly audit   '@zxcvbn-ts/language-en': [ '3.0.2' ],
142 silly audit   acorn: [ '8.14.0' ],
142 silly audit   'acorn-jsx': [ '5.3.2' ],
142 silly audit   ajv: [ '6.12.6' ],
142 silly audit   'ansi-styles': [ '4.3.0', '6.2.1' ],
142 silly audit   'any-promise': [ '1.3.0' ],
142 silly audit   anymatch: [ '3.1.3' ],
142 silly audit   arg: [ '5.0.2' ],
142 silly audit   argparse: [ '2.0.1' ],
142 silly audit   'aria-hidden': [ '1.2.4' ],
142 silly audit   'aria-query': [ '5.3.2' ],
142 silly audit   'array-buffer-byte-length': [ '1.0.2' ],
142 silly audit   'array-includes': [ '3.1.8' ],
142 silly audit   'array-union': [ '2.1.0' ],
142 silly audit   'array.prototype.findlast': [ '1.2.5' ],
142 silly audit   'array.prototype.findlastindex': [ '1.2.5' ],
142 silly audit   'array.prototype.flat': [ '1.3.3' ],
142 silly audit   'array.prototype.flatmap': [ '1.3.3' ],
142 silly audit   'array.prototype.tosorted': [ '1.1.4' ],
142 silly audit   'arraybuffer.prototype.slice': [ '1.0.4' ],
142 silly audit   'ast-types-flow': [ '0.0.8' ],
142 silly audit   autoprefixer: [ '10.4.20' ],
142 silly audit   'available-typed-arrays': [ '1.0.7' ],
142 silly audit   'axe-core': [ '4.10.2' ],
142 silly audit   'axobject-query': [ '4.1.0' ],
142 silly audit   'balanced-match': [ '1.0.2' ],
142 silly audit   'binary-extensions': [ '2.3.0' ],
142 silly audit   braces: [ '3.0.3' ],
142 silly audit   browserslist: [ '4.24.4' ],
142 silly audit   busboy: [ '1.6.0' ],
142 silly audit   'call-bind': [ '1.0.8' ],
142 silly audit   'call-bind-apply-helpers': [ '1.0.1' ],
142 silly audit   'call-bound': [ '1.0.3' ],
142 silly audit   callsites: [ '3.1.0' ],
142 silly audit   'camelcase-css': [ '2.0.1' ],
142 silly audit   'caniuse-lite': [ '1.0.30001695' ],
142 silly audit   chalk: [ '4.1.2' ],
142 silly audit   chokidar: [ '3.6.0' ],
142 silly audit   'glob-parent': [ '5.1.2', '6.0.2' ],
142 silly audit   'class-variance-authority': [ '0.7.1' ],
142 silly audit   'client-only': [ '0.0.1' ],
142 silly audit   clsx: [ '2.1.1' ],
142 silly audit   cmdk: [ '0.2.1' ],
142 silly audit   'react-remove-scroll': [ '2.5.4', '2.6.2' ],
142 silly audit   'color-convert': [ '2.0.1' ],
142 silly audit   'color-name': [ '1.1.4' ],
142 silly audit   commander: [ '4.1.1' ],
142 silly audit   'concat-map': [ '0.0.1' ],
142 silly audit   'cross-spawn': [ '7.0.6' ],
142 silly audit   cssesc: [ '3.0.0' ],
142 silly audit   csstype: [ '3.1.3' ],
142 silly audit   'd3-array': [ '3.2.4' ],
142 silly audit   'd3-color': [ '3.1.0' ],
142 silly audit   'd3-ease': [ '3.0.1' ],
142 silly audit   'd3-format': [ '3.1.0' ],
142 silly audit   'd3-interpolate': [ '3.0.1' ],
142 silly audit   'd3-path': [ '3.1.0' ],
142 silly audit   'd3-scale': [ '4.0.2' ],
142 silly audit   'd3-shape': [ '3.2.0' ],
142 silly audit   'd3-time': [ '3.1.0' ],
142 silly audit   'd3-time-format': [ '4.1.0' ],
142 silly audit   'd3-timer': [ '3.0.1' ],
142 silly audit   'damerau-levenshtein': [ '1.0.8' ],
142 silly audit   'data-view-buffer': [ '1.0.2' ],
142 silly audit   'data-view-byte-length': [ '1.0.2' ],
142 silly audit   'data-view-byte-offset': [ '1.0.1' ],
142 silly audit   'date-fns': [ '4.1.0' ],
142 silly audit   'date-fns-jalali': [ '4.1.0-0' ],
142 silly audit   debug: [ '4.4.0', '3.2.7' ],
142 silly audit   'decimal.js-light': [ '2.5.1' ],
142 silly audit   'deep-is': [ '0.1.4' ],
142 silly audit   'define-data-property': [ '1.1.4' ],
142 silly audit   'define-properties': [ '1.2.1' ],
142 silly audit   'detect-node-es': [ '1.1.0' ],
142 silly audit   didyoumean: [ '1.2.2' ],
142 silly audit   'dir-glob': [ '3.0.1' ],
142 silly audit   dlv: [ '1.1.3' ],
142 silly audit   doctrine: [ '3.0.0', '2.1.0' ],
142 silly audit   'dom-helpers': [ '5.2.1' ],
142 silly audit   'dunder-proto': [ '1.0.1' ],
142 silly audit   eastasianwidth: [ '0.2.0' ],
142 silly audit   'electron-to-chromium': [ '1.5.84' ],
142 silly audit   'embla-carousel': [ '8.5.2' ],
142 silly audit   'embla-carousel-react': [ '8.5.2' ],
142 silly audit   'embla-carousel-reactive-utils': [ '8.5.2' ],
142 silly audit   'emoji-regex': [ '9.2.2', '8.0.0' ],
142 silly audit   'enhanced-resolve': [ '5.18.0' ],
142 silly audit   'es-abstract': [ '1.23.9' ],
142 silly audit   'es-define-property': [ '1.0.1' ],
142 silly audit   'es-errors': [ '1.3.0' ],
142 silly audit   'es-iterator-helpers': [ '1.2.1' ],
142 silly audit   'es-object-atoms': [ '1.1.1' ],
142 silly audit   'es-set-tostringtag': [ '2.1.0' ],
142 silly audit   'es-shim-unscopables': [ '1.0.2' ],
142 silly audit   'es-to-primitive': [ '1.3.0' ],
142 silly audit   escalade: [ '3.2.0' ],
142 silly audit   'escape-string-regexp': [ '4.0.0' ],
142 silly audit   eslint: [ '8.57.1' ],
142 silly audit   'eslint-config-next': [ '14.1.0' ],
142 silly audit   'eslint-import-resolver-node': [ '0.3.9' ],
142 silly audit   'eslint-import-resolver-typescript': [ '3.7.0' ],
142 silly audit   'eslint-module-utils': [ '2.12.0' ],
142 silly audit   'eslint-plugin-import': [ '2.31.0' ],
142 silly audit   semver: [ '6.3.1', '7.6.3' ],
142 silly audit   'eslint-plugin-jsx-a11y': [ '6.10.2' ],
142 silly audit   'eslint-plugin-react': [ '7.37.4' ],
142 silly audit   'eslint-plugin-react-hooks': [ '5.0.0-canary-7118f5dd7-20230705' ],
142 silly audit   resolve: [ '2.0.0-next.5', '1.22.10' ],
142 silly audit   'eslint-scope': [ '7.2.2' ],
142 silly audit   'eslint-visitor-keys': [ '3.4.3' ],
142 silly audit   espree: [ '9.6.1' ],
142 silly audit   esquery: [ '1.6.0' ],
142 silly audit   esrecurse: [ '4.3.0' ],
142 silly audit   estraverse: [ '5.3.0' ],
142 silly audit   esutils: [ '2.0.3' ],
142 silly audit   eventemitter3: [ '4.0.7' ],
142 silly audit   'fast-deep-equal': [ '3.1.3' ],
142 silly audit   'fast-equals': [ '5.2.2' ],
142 silly audit   'fast-glob': [ '3.3.3' ],
142 silly audit   'fast-json-stable-stringify': [ '2.1.0' ],
142 silly audit   'fast-levenshtein': [ '2.0.6' ],
142 silly audit   'fastest-levenshtein': [ '1.0.16' ],
142 silly audit   fastq: [ '1.18.0' ],
142 silly audit   'file-entry-cache': [ '6.0.1' ],
142 silly audit   'fill-range': [ '7.1.1' ],
142 silly audit   'find-up': [ '5.0.0' ],
142 silly audit   'flat-cache': [ '3.2.0' ],
142 silly audit   flatted: [ '3.3.2' ],
142 silly audit   'for-each': [ '0.3.3' ],
142 silly audit   'foreground-child': [ '3.3.0' ],
142 silly audit   'fraction.js': [ '4.3.7' ],
142 silly audit   'framer-motion': [ '11.18.2' ],
142 silly audit   'fs.realpath': [ '1.0.0' ],
142 silly audit   fsevents: [ '2.3.3' ],
142 silly audit   'function-bind': [ '1.1.2' ],
142 silly audit   'function.prototype.name': [ '1.1.8' ],
142 silly audit   'functions-have-names': [ '1.2.3' ],
142 silly audit   'get-intrinsic': [ '1.2.7' ],
142 silly audit   'get-nonce': [ '1.0.1' ],
142 silly audit   'get-proto': [ '1.0.1' ],
142 silly audit   'get-symbol-description': [ '1.1.0' ],
142 silly audit   'get-tsconfig': [ '4.10.0' ],
142 silly audit   glob: [ '10.3.10', '7.2.3' ],
142 silly audit   globals: [ '13.24.0' ],
142 silly audit   globalthis: [ '1.0.4' ],
142 silly audit   globby: [ '11.1.0' ],
142 silly audit   gopd: [ '1.2.0' ],
142 silly audit   'graceful-fs': [ '4.2.11' ],
142 silly audit   graphemer: [ '1.4.0' ],
142 silly audit   'has-bigints': [ '1.1.0' ],
142 silly audit   'has-flag': [ '4.0.0' ],
142 silly audit   'has-property-descriptors': [ '1.0.2' ],
142 silly audit   'has-proto': [ '1.2.0' ],
142 silly audit   'has-symbols': [ '1.1.0' ],
142 silly audit   'has-tostringtag': [ '1.0.2' ],
142 silly audit   hasown: [ '2.0.2' ],
142 silly audit   ignore: [ '5.3.2' ],
142 silly audit   'import-fresh': [ '3.3.0' ],
142 silly audit   imurmurhash: [ '0.1.4' ],
142 silly audit   inflight: [ '1.0.6' ],
142 silly audit   inherits: [ '2.0.4' ],
142 silly audit   'internal-slot': [ '1.1.0' ],
142 silly audit   internmap: [ '2.0.3' ],
142 silly audit   'is-array-buffer': [ '3.0.5' ],
142 silly audit   'is-async-function': [ '2.1.0' ],
142 silly audit   'is-bigint': [ '1.1.0' ],
142 silly audit   'is-binary-path': [ '2.1.0' ],
142 silly audit   'is-boolean-object': [ '1.2.1' ],
142 silly audit   'is-bun-module': [ '1.3.0' ],
142 silly audit   'is-callable': [ '1.2.7' ],
142 silly audit   'is-core-module': [ '2.16.1' ],
142 silly audit   'is-data-view': [ '1.0.2' ],
142 silly audit   'is-date-object': [ '1.1.0' ],
142 silly audit   'is-extglob': [ '2.1.1' ],
142 silly audit   'is-finalizationregistry': [ '1.1.1' ],
142 silly audit   'is-fullwidth-code-point': [ '3.0.0' ],
142 silly audit   'is-generator-function': [ '1.1.0' ],
142 silly audit   'is-glob': [ '4.0.3' ],
142 silly audit   'is-map': [ '2.0.3' ],
142 silly audit   'is-number': [ '7.0.0' ],
142 silly audit   'is-number-object': [ '1.1.1' ],
142 silly audit   'is-path-inside': [ '3.0.3' ],
142 silly audit   'is-regex': [ '1.2.1' ],
142 silly audit   'is-set': [ '2.0.3' ],
142 silly audit   'is-shared-array-buffer': [ '1.0.4' ],
142 silly audit   'is-string': [ '1.1.1' ],
142 silly audit   'is-symbol': [ '1.1.1' ],
142 silly audit   'is-typed-array': [ '1.1.15' ],
142 silly audit   'is-weakmap': [ '2.0.2' ],
142 silly audit   'is-weakref': [ '1.1.0' ],
142 silly audit   'is-weakset': [ '2.0.4' ],
142 silly audit   isarray: [ '2.0.5' ],
142 silly audit   isexe: [ '2.0.0' ],
142 silly audit   'iterator.prototype': [ '1.1.5' ],
142 silly audit   jackspeak: [ '2.3.6' ],
142 silly audit   jiti: [ '1.21.7' ],
142 silly audit   'js-tokens': [ '4.0.0' ],
142 silly audit   'js-yaml': [ '4.1.0' ],
142 silly audit   'json-buffer': [ '3.0.1' ],
142 silly audit   'json-schema-traverse': [ '0.4.1' ],
142 silly audit   'json-stable-stringify-without-jsonify': [ '1.0.1' ],
142 silly audit   json5: [ '1.0.2' ],
142 silly audit   'jsx-ast-utils': [ '3.3.5' ],
142 silly audit   keyv: [ '4.5.4' ],
142 silly audit   'language-subtag-registry': [ '0.3.23' ],
142 silly audit   'language-tags': [ '1.0.9' ],
142 silly audit   levn: [ '0.4.1' ],
142 silly audit   lilconfig: [ '3.1.3' ],
142 silly audit   'lines-and-columns': [ '1.2.4' ],
142 silly audit   'locate-path': [ '6.0.0' ],
142 silly audit   lodash: [ '4.17.21' ],
142 silly audit   'lodash.merge': [ '4.6.2' ],
142 silly audit   'loose-envify': [ '1.4.0' ],
142 silly audit   'lru-cache': [ '10.4.3' ],
142 silly audit   'lucide-react': [ '0.473.0' ],
142 silly audit   'math-intrinsics': [ '1.1.0' ],
142 silly audit   merge2: [ '1.4.1' ],
142 silly audit   micromatch: [ '4.0.8' ],
142 silly audit   minimist: [ '1.2.8' ],
142 silly audit   minipass: [ '7.1.2' ],
142 silly audit   'motion-dom': [ '11.18.1' ],
142 silly audit   'motion-utils': [ '11.18.1' ],
142 silly audit   ms: [ '2.1.3' ],
142 silly audit   mz: [ '2.7.0' ],
142 silly audit   nanoid: [ '3.3.8' ],
142 silly audit   'natural-compare': [ '1.4.0' ],
142 silly audit   next: [ '14.1.0' ],
142 silly audit   'next-themes': [ '0.4.4' ],
142 silly audit   postcss: [ '8.4.31', '8.5.1' ],
142 silly audit   'node-releases': [ '2.0.19' ],
142 silly audit   'normalize-path': [ '3.0.0' ],
142 silly audit   'normalize-range': [ '0.1.2' ],
142 silly audit   'object-assign': [ '4.1.1' ],
142 silly audit   'object-hash': [ '3.0.0' ],
142 silly audit   'object-inspect': [ '1.13.3' ],
142 silly audit   'object-keys': [ '1.1.1' ],
142 silly audit   'object.assign': [ '4.1.7' ],
142 silly audit   'object.entries': [ '1.1.8' ],
142 silly audit   'object.fromentries': [ '2.0.8' ],
142 silly audit   'object.groupby': [ '1.0.3' ],
142 silly audit   'object.values': [ '1.2.1' ],
142 silly audit   once: [ '1.4.0' ],
142 silly audit   optionator: [ '0.9.4' ],
142 silly audit   'own-keys': [ '1.0.1' ],
142 silly audit   'p-limit': [ '3.1.0' ],
142 silly audit   'p-locate': [ '5.0.0' ],
142 silly audit   'parent-module': [ '1.0.1' ],
142 silly audit   'path-exists': [ '4.0.0' ],
142 silly audit   'path-is-absolute': [ '1.0.1' ],
142 silly audit   'path-key': [ '3.1.1' ],
142 silly audit   'path-parse': [ '1.0.7' ],
142 silly audit   'path-scurry': [ '1.11.1' ],
142 silly audit   'path-type': [ '4.0.0' ],
142 silly audit   picocolors: [ '1.1.1' ],
142 silly audit   picomatch: [ '2.3.1' ],
142 silly audit   pify: [ '2.3.0' ],
142 silly audit   pirates: [ '4.0.6' ],
142 silly audit   'possible-typed-array-names': [ '1.0.0' ],
142 silly audit   'postcss-import': [ '15.1.0' ],
142 silly audit   'postcss-js': [ '4.0.1' ],
142 silly audit   'postcss-load-config': [ '4.0.2' ],
142 silly audit   'postcss-nested': [ '6.2.0' ],
142 silly audit   'postcss-selector-parser': [ '6.1.2' ],
142 silly audit   'postcss-value-parser': [ '4.2.0' ],
142 silly audit   'prelude-ls': [ '1.2.1' ],
142 silly audit   'prop-types': [ '15.8.1' ],
142 silly audit   punycode: [ '2.3.1' ],
142 silly audit   'queue-microtask': [ '1.2.3' ],
142 silly audit   react: [ '18.2.0' ],
142 silly audit   'react-day-picker': [ '9.5.0' ],
142 silly audit   'react-dom': [ '18.2.0' ],
142 silly audit   'react-hook-form': [ '7.54.2' ],
142 silly audit   'react-is': [ '16.13.1', '18.3.1' ],
142 silly audit   'react-remove-scroll-bar': [ '2.3.8' ],
142 silly audit   'react-resizable-panels': [ '1.0.10' ],
142 silly audit   'react-smooth': [ '4.0.4' ],
142 silly audit   'react-style-singleton': [ '2.2.3' ],
142 silly audit   'react-transition-group': [ '4.4.5' ],
142 silly audit   'read-cache': [ '1.0.0' ],
142 silly audit   readdirp: [ '3.6.0' ],
142 silly audit   recharts: [ '2.15.0' ],
142 silly audit   'recharts-scale': [ '0.4.5' ],
142 silly audit   'reflect.getprototypeof': [ '1.0.10' ],
142 silly audit   'regenerator-runtime': [ '0.14.1' ],
142 silly audit   'regexp.prototype.flags': [ '1.5.4' ],
142 silly audit   'resolve-from': [ '4.0.0' ],
142 silly audit   'resolve-pkg-maps': [ '1.0.0' ],
142 silly audit   reusify: [ '1.0.4' ],
142 silly audit   rimraf: [ '3.0.2' ],
142 silly audit   'run-parallel': [ '1.2.0' ],
142 silly audit   'safe-array-concat': [ '1.1.3' ],
142 silly audit   'safe-push-apply': [ '1.0.0' ],
142 silly audit   'safe-regex-test': [ '1.1.0' ],
142 silly audit   scheduler: [ '0.23.2' ],
142 silly audit   'set-function-length': [ '1.2.2' ],
142 silly audit   'set-function-name': [ '2.0.2' ],
142 silly audit   'set-proto': [ '1.0.0' ],
142 silly audit   'shebang-command': [ '2.0.0' ],
142 silly audit   'shebang-regex': [ '3.0.0' ],
142 silly audit   'side-channel': [ '1.1.0' ],
142 silly audit   'side-channel-list': [ '1.0.0' ],
142 silly audit   'side-channel-map': [ '1.0.1' ],
142 silly audit   'side-channel-weakmap': [ '1.0.2' ],
142 silly audit   'signal-exit': [ '4.1.0' ],
142 silly audit   slash: [ '3.0.0' ],
142 silly audit   sonner: [ '1.7.2' ],
142 silly audit   'source-map-js': [ '1.2.1' ],
142 silly audit   'stable-hash': [ '0.0.4' ],
142 silly audit   streamsearch: [ '1.1.0' ],
142 silly audit   'string-width': [ '5.1.2', '4.2.3' ],
142 silly audit   'string.prototype.includes': [ '2.0.1' ],
142 silly audit   'string.prototype.matchall': [ '4.0.12' ],
142 silly audit   'string.prototype.repeat': [ '1.0.0' ],
142 silly audit   'string.prototype.trim': [ '1.2.10' ],
142 silly audit   'string.prototype.trimend': [ '1.0.9' ],
142 silly audit   'string.prototype.trimstart': [ '1.0.8' ],
142 silly audit   'strip-bom': [ '3.0.0' ],
142 silly audit   'strip-json-comments': [ '3.1.1' ],
142 silly audit   'styled-jsx': [ '5.1.1' ],
142 silly audit   sucrase: [ '3.35.0' ],
142 silly audit   'supports-color': [ '7.2.0' ],
142 silly audit   'supports-preserve-symlinks-flag': [ '1.0.0' ],
142 silly audit   'tailwind-merge': [ '2.6.0' ],
142 silly audit   tailwindcss: [ '3.4.17' ],
142 silly audit   'tailwindcss-animate': [ '1.0.7' ],
142 silly audit   tapable: [ '2.2.1' ],
142 silly audit   'text-table': [ '0.2.0' ],
142 silly audit   thenify: [ '3.3.1' ],
142 silly audit   'thenify-all': [ '1.6.0' ],
142 silly audit   'tiny-invariant': [ '1.3.3' ],
142 silly audit   'to-regex-range': [ '5.0.1' ],
142 silly audit   'ts-api-utils': [ '1.4.3' ],
142 silly audit   'ts-interface-checker': [ '0.1.13' ],
142 silly audit   'tsconfig-paths': [ '3.15.0' ],
142 silly audit   tslib: [ '2.8.1' ],
142 silly audit   'type-check': [ '0.4.0' ],
142 silly audit   'type-fest': [ '0.20.2' ],
142 silly audit   'typed-array-buffer': [ '1.0.3' ],
142 silly audit   'typed-array-byte-length': [ '1.0.3' ],
142 silly audit   'typed-array-byte-offset': [ '1.0.4' ],
142 silly audit   'typed-array-length': [ '1.0.7' ],
142 silly audit   typescript: [ '5.7.3' ],
142 silly audit   'unbox-primitive': [ '1.1.0' ],
142 silly audit   'undici-types': [ '6.19.8' ],
142 silly audit   'update-browserslist-db': [ '1.1.2' ],
142 silly audit   'uri-js': [ '4.4.1' ],
142 silly audit   'use-callback-ref': [ '1.3.3' ],
142 silly audit   'use-sidecar': [ '1.1.3' ],
142 silly audit   'util-deprecate': [ '1.0.2' ],
142 silly audit   vaul: [ '0.9.9' ],
142 silly audit   'victory-vendor': [ '36.9.2' ],
142 silly audit   which: [ '2.0.2' ],
142 silly audit   'which-boxed-primitive': [ '1.1.1' ],
142 silly audit   'which-builtin-type': [ '1.2.1' ],
142 silly audit   'which-collection': [ '1.0.2' ],
142 silly audit   'which-typed-array': [ '1.1.18' ],
142 silly audit   'word-wrap': [ '1.2.5' ],
142 silly audit   'wrap-ansi': [ '8.1.0', '7.0.0' ],
142 silly audit   wrappy: [ '1.0.2' ],
142 silly audit   yaml: [ '2.7.0' ],
142 silly audit   'yocto-queue': [ '0.1.0' ]
142 silly audit }
143 verbose reify failed optional dependency /Users/italofelipe/Desktop/vini-carv-org-main/node_modules/@next/swc-win32-x64-msvc
144 silly reify mark deleted [
144 silly reify   '/Users/italofelipe/Desktop/vini-carv-org-main/node_modules/@next/swc-win32-x64-msvc'
144 silly reify ]
145 verbose reify failed optional dependency /Users/italofelipe/Desktop/vini-carv-org-main/node_modules/@next/swc-win32-ia32-msvc
146 silly reify mark deleted [
146 silly reify   '/Users/italofelipe/Desktop/vini-carv-org-main/node_modules/@next/swc-win32-ia32-msvc'
146 silly reify ]
147 verbose reify failed optional dependency /Users/italofelipe/Desktop/vini-carv-org-main/node_modules/@next/swc-win32-arm64-msvc
148 silly reify mark deleted [
148 silly reify   '/Users/italofelipe/Desktop/vini-carv-org-main/node_modules/@next/swc-win32-arm64-msvc'
148 silly reify ]
149 verbose reify failed optional dependency /Users/italofelipe/Desktop/vini-carv-org-main/node_modules/@next/swc-linux-x64-musl
150 silly reify mark deleted [
150 silly reify   '/Users/italofelipe/Desktop/vini-carv-org-main/node_modules/@next/swc-linux-x64-musl'
150 silly reify ]
151 verbose reify failed optional dependency /Users/italofelipe/Desktop/vini-carv-org-main/node_modules/@next/swc-linux-x64-gnu
152 silly reify mark deleted [
152 silly reify   '/Users/italofelipe/Desktop/vini-carv-org-main/node_modules/@next/swc-linux-x64-gnu'
152 silly reify ]
153 verbose reify failed optional dependency /Users/italofelipe/Desktop/vini-carv-org-main/node_modules/@next/swc-linux-arm64-musl
154 silly reify mark deleted [
154 silly reify   '/Users/italofelipe/Desktop/vini-carv-org-main/node_modules/@next/swc-linux-arm64-musl'
154 silly reify ]
155 verbose reify failed optional dependency /Users/italofelipe/Desktop/vini-carv-org-main/node_modules/@next/swc-linux-arm64-gnu
156 silly reify mark deleted [
156 silly reify   '/Users/italofelipe/Desktop/vini-carv-org-main/node_modules/@next/swc-linux-arm64-gnu'
156 silly reify ]
157 verbose reify failed optional dependency /Users/italofelipe/Desktop/vini-carv-org-main/node_modules/@next/swc-darwin-arm64
158 silly reify mark deleted [
158 silly reify   '/Users/italofelipe/Desktop/vini-carv-org-main/node_modules/@next/swc-darwin-arm64'
158 silly reify ]
159 http fetch POST 200 https://registry.npmjs.org/-/npm/v1/security/advisories/bulk 719ms
160 silly audit report {
160 silly audit report   next: [
160 silly audit report     {
160 silly audit report       id: 1099638,
160 silly audit report       url: 'https://github.com/advisories/GHSA-gp8f-8m3g-qvj9',
160 silly audit report       title: 'Next.js Cache Poisoning',
160 silly audit report       severity: 'high',
160 silly audit report       vulnerable_versions: '>=14.0.0 <14.2.10',
160 silly audit report       cwe: [Array],
160 silly audit report       cvss: [Object]
160 silly audit report     },
160 silly audit report     {
160 silly audit report       id: 1100421,
160 silly audit report       url: 'https://github.com/advisories/GHSA-g77x-44xx-532m',
160 silly audit report       title: 'Denial of Service condition in Next.js image optimization',
160 silly audit report       severity: 'moderate',
160 silly audit report       vulnerable_versions: '>=10.0.0 <14.2.7',
160 silly audit report       cwe: [Array],
160 silly audit report       cvss: [Object]
160 silly audit report     },
160 silly audit report     {
160 silly audit report       id: 1101380,
160 silly audit report       url: 'https://github.com/advisories/GHSA-7gfc-8cq8-jh5f',
160 silly audit report       title: 'Next.js authorization bypass vulnerability',
160 silly audit report       severity: 'high',
160 silly audit report       vulnerable_versions: '>=9.5.5 <14.2.15',
160 silly audit report       cwe: [Array],
160 silly audit report       cvss: [Object]
160 silly audit report     },
160 silly audit report     {
160 silly audit report       id: 1101438,
160 silly audit report       url: 'https://github.com/advisories/GHSA-7m27-7ghc-44w9',
160 silly audit report       title: 'Next.js Allows a Denial of Service (DoS) with Server Actions',
160 silly audit report       severity: 'moderate',
160 silly audit report       vulnerable_versions: '>=14.0.0 <14.2.21',
160 silly audit report       cwe: [Array],
160 silly audit report       cvss: [Object]
160 silly audit report     },
160 silly audit report     {
160 silly audit report       id: 1097295,
160 silly audit report       url: 'https://github.com/advisories/GHSA-fr5h-rqp8-mj6g',
160 silly audit report       title: 'Next.js Server-Side Request Forgery in Server Actions',
160 silly audit report       severity: 'high',
160 silly audit report       vulnerable_versions: '>=13.4.0 <14.1.1',
160 silly audit report       cwe: [Array],
160 silly audit report       cvss: [Object]
160 silly audit report     }
160 silly audit report   ]
160 silly audit report }
161 silly packumentCache corgi:https://registry.npmjs.org/next cache-miss
162 http fetch GET 200 https://registry.npmjs.org/next 515ms (cache updated)
163 silly packumentCache corgi:https://registry.npmjs.org/next set size:undefined disposed:false
164 silly ADD
165 silly ADD
166 silly ADD
167 silly ADD
168 silly ADD
169 silly ADD
170 silly ADD
171 silly ADD
172 silly REMOVE node_modules/wrap-ansi-cjs 2
173 silly REMOVE node_modules/wrap-ansi 2
174 silly REMOVE node_modules/victory-vendor 2
175 silly REMOVE node_modules/vaul 2
176 silly REMOVE node_modules/type-check 2
177 silly REMOVE node_modules/tslib 2
178 silly REMOVE node_modules/tsconfig-paths 2
179 silly REMOVE node_modules/tiny-invariant 2
180 silly REMOVE node_modules/tailwind-merge 2
181 silly REMOVE node_modules/sucrase 2
182 silly REMOVE node_modules/styled-jsx 2
183 silly REMOVE node_modules/string.prototype 2.matchall
184 silly REMOVE node_modules/string.prototype 2.includes
185 silly REMOVE node_modules/streamsearch 2
186 silly REMOVE node_modules/source-map-js 2
187 silly REMOVE node_modules/sonner 2
188 silly REMOVE node_modules/side-channel-list 2
189 silly REMOVE node_modules/side-channel-map 2
190 silly REMOVE node_modules/side-channel 2
191 silly REMOVE node_modules/set-proto 2
192 silly REMOVE node_modules/set-function-name 2
193 silly REMOVE node_modules/set-function-length 2
194 silly REMOVE node_modules/scheduler 2
195 silly REMOVE node_modules/safe-regex-test 2
196 silly REMOVE node_modules/safe-push-apply 2
197 silly REMOVE node_modules/resolve 2
198 silly REMOVE node_modules/regenerator-runtime 2
199 silly REMOVE node_modules/recharts-scale 2
200 silly REMOVE node_modules/recharts 2
201 silly REMOVE node_modules/react-transition-group 2
202 silly REMOVE node_modules/react-style-singleton 2
203 silly REMOVE node_modules/react-smooth 2
204 silly REMOVE node_modules/react-resizable-panels 2
205 silly REMOVE node_modules/react-remove-scroll-bar 2
206 silly REMOVE node_modules/react-remove-scroll 2
207 silly REMOVE node_modules/react-is 2
208 silly REMOVE node_modules/react-hook-form 2
209 silly REMOVE node_modules/react-dom 2
210 silly REMOVE node_modules/react-day-picker 2
211 silly REMOVE node_modules/prop-types 2
212 silly REMOVE node_modules/postcss-value-parser 2
213 silly REMOVE node_modules/pirates 2
214 silly REMOVE node_modules/own-keys 2
215 silly REMOVE node_modules/optionator 2
216 silly REMOVE node_modules/object-keys 2
217 silly REMOVE node_modules/object-inspect 2
218 silly REMOVE node_modules/object 2.assign
219 silly REMOVE node_modules/next-themes 2
220 silly REMOVE node_modules/motion-utils 2
221 silly REMOVE node_modules/motion-dom 2
222 silly REMOVE node_modules/math-intrinsics 2
223 silly REMOVE node_modules/lucide-react 2
224 silly REMOVE node_modules/lodash 2
225 silly REMOVE node_modules/lines-and-columns 2
226 silly REMOVE node_modules/language-tags 2
227 silly REMOVE node_modules/language-subtag-registry 2
228 silly REMOVE node_modules/jsx-ast-utils 2
229 silly REMOVE node_modules/js-tokens 2
230 silly REMOVE node_modules/jiti 2
231 silly REMOVE node_modules/jackspeak 2
232 silly REMOVE node_modules/isexe 2
233 silly REMOVE node_modules/is-weakset 2
234 silly REMOVE node_modules/is-weakref 2
235 silly REMOVE node_modules/is-typed-array 2
236 silly REMOVE node_modules/is-string 2
237 silly REMOVE node_modules/is-regex 2
238 silly REMOVE node_modules/is-number-object 2
239 silly REMOVE node_modules/is-map 2
240 silly REMOVE node_modules/is-finalizationregistry 2
241 silly REMOVE node_modules/is-date-object 2
242 silly REMOVE node_modules/is-data-view 2
243 silly REMOVE node_modules/is-callable 2
244 silly REMOVE node_modules/is-bun-module 2
245 silly REMOVE node_modules/is-boolean-object 2
246 silly REMOVE node_modules/is-bigint 2
247 silly REMOVE node_modules/is-async-function 2
248 silly REMOVE node_modules/internmap 2
249 silly REMOVE node_modules/internal-slot 2
250 silly REMOVE node_modules/has-tostringtag 2
251 silly REMOVE node_modules/has-symbols 2
252 silly REMOVE node_modules/has-proto 2
253 silly REMOVE node_modules/has-property-descriptors 2
254 silly REMOVE node_modules/has-bigints 2
255 silly REMOVE node_modules/graphemer 2
256 silly REMOVE node_modules/gopd 2
257 silly REMOVE node_modules/glob 2
258 silly REMOVE node_modules/framer-motion 2
259 silly REMOVE node_modules/get-nonce 2
260 silly REMOVE node_modules/foreground-child 2
261 silly REMOVE node_modules/fastest-levenshtein 2
262 silly REMOVE node_modules/fast-json-stable-stringify 2
263 silly REMOVE node_modules/eventemitter3 2
264 silly REMOVE node_modules/fast-equals 2
265 silly REMOVE node_modules/esquery 2
266 silly REMOVE node_modules/eslint-visitor-keys 2
267 silly REMOVE node_modules/eslint-plugin-react 2
268 silly REMOVE node_modules/eslint-plugin-import 2
269 silly REMOVE node_modules/eslint-import-resolver-typescript 2
270 silly REMOVE node_modules/eslint-import-resolver-node 2
271 silly REMOVE node_modules/eslint 2
272 silly REMOVE node_modules/escalade 2
273 silly REMOVE node_modules/es-to-primitive 2
274 silly REMOVE node_modules/es-errors 2
275 silly REMOVE node_modules/es-abstract 2
276 silly REMOVE node_modules/emoji-regex 2
277 silly REMOVE node_modules/dlv 2
278 silly REMOVE node_modules/dom-helpers 2
279 silly REMOVE node_modules/deep-is 2
280 silly REMOVE node_modules/decimal 2.js-light
281 silly REMOVE node_modules/d3-timer 2
282 silly REMOVE node_modules/d3-time-format 2
283 silly REMOVE node_modules/d3-time 2
284 silly REMOVE node_modules/d3-format 2
285 silly REMOVE node_modules/d3-ease 2
286 silly REMOVE node_modules/d3-color 2
287 silly REMOVE node_modules/d3-shape 2
288 silly REMOVE node_modules/d3-scale 2
289 silly REMOVE node_modules/d3-path 2
290 silly REMOVE node_modules/d3-interpolate 2
291 silly REMOVE node_modules/cmdk 2
292 silly REMOVE node_modules/d3-array 2
293 silly REMOVE node_modules/array.prototype 2.findlastindex
294 silly REMOVE node_modules/call-bind-apply-helpers 2
295 silly REMOVE node_modules/aria-query 2
296 silly REMOVE node_modules/ajv 2
297 verbose cwd /Users/italofelipe/Desktop/vini-carv-org-main
298 verbose os Darwin 24.1.0
299 verbose node v23.6.0
300 verbose npm  v11.0.0
301 verbose exit 0
302 info ok
