0 verbose cli /Users/italofelipe/.nvm/versions/node/v23.6.0/bin/node /Users/italofelipe/.nvm/versions/node/v23.6.0/bin/npm
1 info using npm@11.0.0
2 info using node@v23.6.0
3 silly config load:file:/Users/italofelipe/.nvm/versions/node/v23.6.0/lib/node_modules/npm/npmrc
4 silly config load:file:/Users/italofelipe/Desktop/vini-carv-org-main/.npmrc
5 silly config load:file:/Users/italofelipe/.npmrc
6 silly config load:file:/Users/italofelipe/.nvm/versions/node/v23.6.0/etc/npmrc
7 verbose title npm i
8 verbose argv "i"
9 verbose logfile logs-max:10 dir:/Users/italofelipe/Desktop/vini-carv-org-main/.npm-cache/_logs/2025-01-25T13_40_51_763Z-
10 verbose logfile /Users/italofelipe/Desktop/vini-carv-org-main/.npm-cache/_logs/2025-01-25T13_40_51_763Z-debug-0.log
11 silly logfile start cleaning logs, removing 1 files
12 silly packumentCache heap:4345298944 maxSize:1086324736 maxEntrySize:543162368
13 silly logfile done cleaning log files
14 silly idealTree buildDeps
15 silly reify moves {}
16 silly audit bulk request {
16 silly audit   '@alloc/quick-lru': [ '5.2.0' ],
16 silly audit   '@babel/runtime': [ '7.26.0' ],
16 silly audit   '@date-fns/tz': [ '1.2.0' ],
16 silly audit   '@eslint-community/eslint-utils': [ '4.4.1' ],
16 silly audit   '@eslint-community/regexpp': [ '4.12.1' ],
16 silly audit   '@eslint/eslintrc': [ '2.1.4' ],
16 silly audit   '@eslint/js': [ '8.57.1' ],
16 silly audit   '@floating-ui/core': [ '1.6.9' ],
16 silly audit   '@floating-ui/dom': [ '1.6.13' ],
16 silly audit   '@floating-ui/react-dom': [ '2.1.2' ],
16 silly audit   '@floating-ui/utils': [ '0.2.9' ],
16 silly audit   '@humanwhocodes/config-array': [ '0.13.0' ],
16 silly audit   '@humanwhocodes/module-importer': [ '1.0.1' ],
16 silly audit   '@humanwhocodes/object-schema': [ '2.0.3' ],
16 silly audit   '@isaacs/cliui': [ '8.0.2' ],
16 silly audit   'ansi-regex': [ '6.1.0', '5.0.1' ],
16 silly audit   'strip-ansi': [ '7.1.0', '6.0.1' ],
16 silly audit   '@jridgewell/gen-mapping': [ '0.3.8' ],
16 silly audit   '@jridgewell/resolve-uri': [ '3.1.2' ],
16 silly audit   '@jridgewell/set-array': [ '1.2.1' ],
16 silly audit   '@jridgewell/sourcemap-codec': [ '1.5.0' ],
16 silly audit   '@jridgewell/trace-mapping': [ '0.3.25' ],
16 silly audit   '@next/env': [ '14.1.0' ],
16 silly audit   '@next/eslint-plugin-next': [ '14.1.0' ],
16 silly audit   '@next/swc-darwin-arm64': [ '14.1.0' ],
16 silly audit   '@next/swc-darwin-x64': [ '14.1.0' ],
16 silly audit   '@next/swc-linux-arm64-gnu': [ '14.1.0' ],
16 silly audit   '@next/swc-linux-arm64-musl': [ '14.1.0' ],
16 silly audit   '@next/swc-linux-x64-gnu': [ '14.1.0' ],
16 silly audit   '@next/swc-linux-x64-musl': [ '14.1.0' ],
16 silly audit   '@next/swc-win32-arm64-msvc': [ '14.1.0' ],
16 silly audit   '@next/swc-win32-ia32-msvc': [ '14.1.0' ],
16 silly audit   '@next/swc-win32-x64-msvc': [ '14.1.0' ],
16 silly audit   '@nodelib/fs.scandir': [ '2.1.5' ],
16 silly audit   '@nodelib/fs.stat': [ '2.0.5' ],
16 silly audit   '@nodelib/fs.walk': [ '1.2.8' ],
16 silly audit   '@nolyfill/is-core-module': [ '1.0.39' ],
16 silly audit   '@pkgjs/parseargs': [ '0.11.0' ],
16 silly audit   '@radix-ui/number': [ '1.1.0' ],
16 silly audit   '@radix-ui/primitive': [ '1.1.1', '1.0.0' ],
16 silly audit   '@radix-ui/react-accordion': [ '1.2.2' ],
16 silly audit   '@radix-ui/react-alert-dialog': [ '1.1.4' ],
16 silly audit   '@radix-ui/react-arrow': [ '1.1.1' ],
16 silly audit   '@radix-ui/react-aspect-ratio': [ '1.1.1' ],
16 silly audit   '@radix-ui/react-avatar': [ '1.1.2' ],
16 silly audit   '@radix-ui/react-checkbox': [ '1.1.3' ],
16 silly audit   '@radix-ui/react-collapsible': [ '1.1.2' ],
16 silly audit   '@radix-ui/react-collection': [ '1.1.1' ],
16 silly audit   '@radix-ui/react-compose-refs': [ '1.1.1', '1.0.0' ],
16 silly audit   '@radix-ui/react-context': [ '1.1.1', '1.0.0' ],
16 silly audit   '@radix-ui/react-context-menu': [ '2.2.4' ],
16 silly audit   '@radix-ui/react-dialog': [ '1.1.4', '1.0.0' ],
16 silly audit   '@radix-ui/react-direction': [ '1.1.0' ],
16 silly audit   '@radix-ui/react-dismissable-layer': [ '1.1.3', '1.0.0' ],
16 silly audit   '@radix-ui/react-dropdown-menu': [ '2.1.4' ],
16 silly audit   '@radix-ui/react-focus-guards': [ '1.1.1', '1.0.0' ],
16 silly audit   '@radix-ui/react-focus-scope': [ '1.1.1', '1.0.0' ],
16 silly audit   '@radix-ui/react-hover-card': [ '1.1.4' ],
16 silly audit   '@radix-ui/react-id': [ '1.1.0', '1.0.0' ],
16 silly audit   '@radix-ui/react-label': [ '2.1.1' ],
16 silly audit   '@radix-ui/react-menu': [ '2.1.4' ],
16 silly audit   '@radix-ui/react-menubar': [ '1.1.4' ],
16 silly audit   '@radix-ui/react-navigation-menu': [ '1.2.3' ],
16 silly audit   '@radix-ui/react-popover': [ '1.1.4' ],
16 silly audit   '@radix-ui/react-popper': [ '1.2.1' ],
16 silly audit   '@radix-ui/react-portal': [ '1.1.3', '1.0.0' ],
16 silly audit   '@radix-ui/react-presence': [ '1.1.2', '1.0.0' ],
16 silly audit   '@radix-ui/react-primitive': [ '2.0.1', '1.0.0' ],
16 silly audit   '@radix-ui/react-progress': [ '1.1.1' ],
16 silly audit   '@radix-ui/react-radio-group': [ '1.2.2' ],
16 silly audit   '@radix-ui/react-roving-focus': [ '1.1.1' ],
16 silly audit   '@radix-ui/react-scroll-area': [ '1.2.2' ],
16 silly audit   '@radix-ui/react-select': [ '2.1.4' ],
16 silly audit   '@radix-ui/react-separator': [ '1.1.1' ],
16 silly audit   '@radix-ui/react-slider': [ '1.2.2' ],
16 silly audit   '@radix-ui/react-slot': [ '1.1.1', '1.0.0' ],
16 silly audit   '@radix-ui/react-switch': [ '1.1.2' ],
16 silly audit   '@radix-ui/react-tabs': [ '1.1.2' ],
16 silly audit   '@radix-ui/react-toast': [ '1.2.4' ],
16 silly audit   '@radix-ui/react-toggle': [ '1.1.1' ],
16 silly audit   '@radix-ui/react-toggle-group': [ '1.1.1' ],
16 silly audit   '@radix-ui/react-tooltip': [ '1.1.6' ],
16 silly audit   '@radix-ui/react-use-callback-ref': [ '1.1.0', '1.0.0' ],
16 silly audit   '@radix-ui/react-use-controllable-state': [ '1.1.0', '1.0.0' ],
16 silly audit   '@radix-ui/react-use-escape-keydown': [ '1.1.0', '1.0.0' ],
16 silly audit   '@radix-ui/react-use-layout-effect': [ '1.1.0', '1.0.0' ],
16 silly audit   '@radix-ui/react-use-previous': [ '1.1.0' ],
16 silly audit   '@radix-ui/react-use-rect': [ '1.1.0' ],
16 silly audit   '@radix-ui/react-use-size': [ '1.1.0' ],
16 silly audit   '@radix-ui/react-visually-hidden': [ '1.1.1' ],
16 silly audit   '@radix-ui/rect': [ '1.1.0' ],
16 silly audit   '@rtsao/scc': [ '1.1.0' ],
16 silly audit   '@rushstack/eslint-patch': [ '1.10.5' ],
16 silly audit   '@swc/helpers': [ '0.5.2' ],
16 silly audit   '@types/d3-array': [ '3.2.1' ],
16 silly audit   '@types/d3-color': [ '3.1.3' ],
16 silly audit   '@types/d3-ease': [ '3.0.2' ],
16 silly audit   '@types/d3-interpolate': [ '3.0.4' ],
16 silly audit   '@types/d3-path': [ '3.1.0' ],
16 silly audit   '@types/d3-scale': [ '4.0.8' ],
16 silly audit   '@types/d3-shape': [ '3.1.7' ],
16 silly audit   '@types/d3-time': [ '3.0.4' ],
16 silly audit   '@types/d3-timer': [ '3.0.2' ],
16 silly audit   '@types/json5': [ '0.0.29' ],
16 silly audit   '@types/node': [ '20.17.14' ],
16 silly audit   '@types/prop-types': [ '15.7.14' ],
16 silly audit   '@types/react': [ '18.3.18' ],
16 silly audit   '@types/react-dom': [ '18.3.5' ],
16 silly audit   '@typescript-eslint/parser': [ '6.21.0' ],
16 silly audit   '@typescript-eslint/scope-manager': [ '6.21.0' ],
16 silly audit   '@typescript-eslint/types': [ '6.21.0' ],
16 silly audit   '@typescript-eslint/typescript-estree': [ '6.21.0' ],
16 silly audit   'brace-expansion': [ '2.0.1', '1.1.11' ],
16 silly audit   minimatch: [ '9.0.3', '9.0.5', '3.1.2' ],
16 silly audit   '@typescript-eslint/visitor-keys': [ '6.21.0' ],
16 silly audit   '@ungap/structured-clone': [ '1.2.1' ],
16 silly audit   '@zxcvbn-ts/core': [ '3.0.4' ],
16 silly audit   '@zxcvbn-ts/language-common': [ '3.0.4' ],
16 silly audit   '@zxcvbn-ts/language-en': [ '3.0.2' ],
16 silly audit   acorn: [ '8.14.0' ],
16 silly audit   'acorn-jsx': [ '5.3.2' ],
16 silly audit   ajv: [ '6.12.6' ],
16 silly audit   'ansi-styles': [ '4.3.0', '6.2.1' ],
16 silly audit   'any-promise': [ '1.3.0' ],
16 silly audit   anymatch: [ '3.1.3' ],
16 silly audit   arg: [ '5.0.2' ],
16 silly audit   argparse: [ '2.0.1' ],
16 silly audit   'aria-hidden': [ '1.2.4' ],
16 silly audit   'aria-query': [ '5.3.2' ],
16 silly audit   'array-buffer-byte-length': [ '1.0.2' ],
16 silly audit   'array-includes': [ '3.1.8' ],
16 silly audit   'array-union': [ '2.1.0' ],
16 silly audit   'array.prototype.findlast': [ '1.2.5' ],
16 silly audit   'array.prototype.findlastindex': [ '1.2.5' ],
16 silly audit   'array.prototype.flat': [ '1.3.3' ],
16 silly audit   'array.prototype.flatmap': [ '1.3.3' ],
16 silly audit   'array.prototype.tosorted': [ '1.1.4' ],
16 silly audit   'arraybuffer.prototype.slice': [ '1.0.4' ],
16 silly audit   'ast-types-flow': [ '0.0.8' ],
16 silly audit   autoprefixer: [ '10.4.20' ],
16 silly audit   'available-typed-arrays': [ '1.0.7' ],
16 silly audit   'axe-core': [ '4.10.2' ],
16 silly audit   'axobject-query': [ '4.1.0' ],
16 silly audit   'balanced-match': [ '1.0.2' ],
16 silly audit   'binary-extensions': [ '2.3.0' ],
16 silly audit   braces: [ '3.0.3' ],
16 silly audit   browserslist: [ '4.24.4' ],
16 silly audit   busboy: [ '1.6.0' ],
16 silly audit   'call-bind': [ '1.0.8' ],
16 silly audit   'call-bind-apply-helpers': [ '1.0.1' ],
16 silly audit   'call-bound': [ '1.0.3' ],
16 silly audit   callsites: [ '3.1.0' ],
16 silly audit   'camelcase-css': [ '2.0.1' ],
16 silly audit   'caniuse-lite': [ '1.0.30001695' ],
16 silly audit   chalk: [ '4.1.2' ],
16 silly audit   chokidar: [ '3.6.0' ],
16 silly audit   'glob-parent': [ '5.1.2', '6.0.2' ],
16 silly audit   'class-variance-authority': [ '0.7.1' ],
16 silly audit   'client-only': [ '0.0.1' ],
16 silly audit   clsx: [ '2.1.1' ],
16 silly audit   cmdk: [ '0.2.1' ],
16 silly audit   'react-remove-scroll': [ '2.5.4', '2.6.2' ],
16 silly audit   'color-convert': [ '2.0.1' ],
16 silly audit   'color-name': [ '1.1.4' ],
16 silly audit   commander: [ '4.1.1' ],
16 silly audit   'concat-map': [ '0.0.1' ],
16 silly audit   'cross-spawn': [ '7.0.6' ],
16 silly audit   cssesc: [ '3.0.0' ],
16 silly audit   csstype: [ '3.1.3' ],
16 silly audit   'd3-array': [ '3.2.4' ],
16 silly audit   'd3-color': [ '3.1.0' ],
16 silly audit   'd3-ease': [ '3.0.1' ],
16 silly audit   'd3-format': [ '3.1.0' ],
16 silly audit   'd3-interpolate': [ '3.0.1' ],
16 silly audit   'd3-path': [ '3.1.0' ],
16 silly audit   'd3-scale': [ '4.0.2' ],
16 silly audit   'd3-shape': [ '3.2.0' ],
16 silly audit   'd3-time': [ '3.1.0' ],
16 silly audit   'd3-time-format': [ '4.1.0' ],
16 silly audit   'd3-timer': [ '3.0.1' ],
16 silly audit   'damerau-levenshtein': [ '1.0.8' ],
16 silly audit   'data-view-buffer': [ '1.0.2' ],
16 silly audit   'data-view-byte-length': [ '1.0.2' ],
16 silly audit   'data-view-byte-offset': [ '1.0.1' ],
16 silly audit   'date-fns': [ '4.1.0' ],
16 silly audit   'date-fns-jalali': [ '4.1.0-0' ],
16 silly audit   debug: [ '4.4.0', '3.2.7' ],
16 silly audit   'decimal.js-light': [ '2.5.1' ],
16 silly audit   'deep-is': [ '0.1.4' ],
16 silly audit   'define-data-property': [ '1.1.4' ],
16 silly audit   'define-properties': [ '1.2.1' ],
16 silly audit   'detect-node-es': [ '1.1.0' ],
16 silly audit   didyoumean: [ '1.2.2' ],
16 silly audit   'dir-glob': [ '3.0.1' ],
16 silly audit   dlv: [ '1.1.3' ],
16 silly audit   doctrine: [ '3.0.0', '2.1.0' ],
16 silly audit   'dom-helpers': [ '5.2.1' ],
16 silly audit   'dunder-proto': [ '1.0.1' ],
16 silly audit   eastasianwidth: [ '0.2.0' ],
16 silly audit   'electron-to-chromium': [ '1.5.84' ],
16 silly audit   'embla-carousel': [ '8.5.2' ],
16 silly audit   'embla-carousel-react': [ '8.5.2' ],
16 silly audit   'embla-carousel-reactive-utils': [ '8.5.2' ],
16 silly audit   'emoji-regex': [ '9.2.2', '8.0.0' ],
16 silly audit   'enhanced-resolve': [ '5.18.0' ],
16 silly audit   'es-abstract': [ '1.23.9' ],
16 silly audit   'es-define-property': [ '1.0.1' ],
16 silly audit   'es-errors': [ '1.3.0' ],
16 silly audit   'es-iterator-helpers': [ '1.2.1' ],
16 silly audit   'es-object-atoms': [ '1.1.1' ],
16 silly audit   'es-set-tostringtag': [ '2.1.0' ],
16 silly audit   'es-shim-unscopables': [ '1.0.2' ],
16 silly audit   'es-to-primitive': [ '1.3.0' ],
16 silly audit   escalade: [ '3.2.0' ],
16 silly audit   'escape-string-regexp': [ '4.0.0' ],
16 silly audit   eslint: [ '8.57.1' ],
16 silly audit   'eslint-config-next': [ '14.1.0' ],
16 silly audit   'eslint-import-resolver-node': [ '0.3.9' ],
16 silly audit   'eslint-import-resolver-typescript': [ '3.7.0' ],
16 silly audit   'eslint-module-utils': [ '2.12.0' ],
16 silly audit   'eslint-plugin-import': [ '2.31.0' ],
16 silly audit   semver: [ '6.3.1', '7.6.3' ],
16 silly audit   'eslint-plugin-jsx-a11y': [ '6.10.2' ],
16 silly audit   'eslint-plugin-react': [ '7.37.4' ],
16 silly audit   'eslint-plugin-react-hooks': [ '5.0.0-canary-7118f5dd7-20230705' ],
16 silly audit   resolve: [ '2.0.0-next.5', '1.22.10' ],
16 silly audit   'eslint-scope': [ '7.2.2' ],
16 silly audit   'eslint-visitor-keys': [ '3.4.3' ],
16 silly audit   espree: [ '9.6.1' ],
16 silly audit   esquery: [ '1.6.0' ],
16 silly audit   esrecurse: [ '4.3.0' ],
16 silly audit   estraverse: [ '5.3.0' ],
16 silly audit   esutils: [ '2.0.3' ],
16 silly audit   eventemitter3: [ '4.0.7' ],
16 silly audit   'fast-deep-equal': [ '3.1.3' ],
16 silly audit   'fast-equals': [ '5.2.2' ],
16 silly audit   'fast-glob': [ '3.3.3' ],
16 silly audit   'fast-json-stable-stringify': [ '2.1.0' ],
16 silly audit   'fast-levenshtein': [ '2.0.6' ],
16 silly audit   'fastest-levenshtein': [ '1.0.16' ],
16 silly audit   fastq: [ '1.18.0' ],
16 silly audit   'file-entry-cache': [ '6.0.1' ],
16 silly audit   'fill-range': [ '7.1.1' ],
16 silly audit   'find-up': [ '5.0.0' ],
16 silly audit   'flat-cache': [ '3.2.0' ],
16 silly audit   flatted: [ '3.3.2' ],
16 silly audit   'for-each': [ '0.3.3' ],
16 silly audit   'foreground-child': [ '3.3.0' ],
16 silly audit   'fraction.js': [ '4.3.7' ],
16 silly audit   'framer-motion': [ '11.18.2' ],
16 silly audit   'fs.realpath': [ '1.0.0' ],
16 silly audit   fsevents: [ '2.3.3' ],
16 silly audit   'function-bind': [ '1.1.2' ],
16 silly audit   'function.prototype.name': [ '1.1.8' ],
16 silly audit   'functions-have-names': [ '1.2.3' ],
16 silly audit   'get-intrinsic': [ '1.2.7' ],
16 silly audit   'get-nonce': [ '1.0.1' ],
16 silly audit   'get-proto': [ '1.0.1' ],
16 silly audit   'get-symbol-description': [ '1.1.0' ],
16 silly audit   'get-tsconfig': [ '4.10.0' ],
16 silly audit   glob: [ '10.3.10', '7.2.3' ],
16 silly audit   globals: [ '13.24.0' ],
16 silly audit   globalthis: [ '1.0.4' ],
16 silly audit   globby: [ '11.1.0' ],
16 silly audit   gopd: [ '1.2.0' ],
16 silly audit   'graceful-fs': [ '4.2.11' ],
16 silly audit   graphemer: [ '1.4.0' ],
16 silly audit   'has-bigints': [ '1.1.0' ],
16 silly audit   'has-flag': [ '4.0.0' ],
16 silly audit   'has-property-descriptors': [ '1.0.2' ],
16 silly audit   'has-proto': [ '1.2.0' ],
16 silly audit   'has-symbols': [ '1.1.0' ],
16 silly audit   'has-tostringtag': [ '1.0.2' ],
16 silly audit   hasown: [ '2.0.2' ],
16 silly audit   ignore: [ '5.3.2' ],
16 silly audit   'import-fresh': [ '3.3.0' ],
16 silly audit   imurmurhash: [ '0.1.4' ],
16 silly audit   inflight: [ '1.0.6' ],
16 silly audit   inherits: [ '2.0.4' ],
16 silly audit   'internal-slot': [ '1.1.0' ],
16 silly audit   internmap: [ '2.0.3' ],
16 silly audit   'is-array-buffer': [ '3.0.5' ],
16 silly audit   'is-async-function': [ '2.1.0' ],
16 silly audit   'is-bigint': [ '1.1.0' ],
16 silly audit   'is-binary-path': [ '2.1.0' ],
16 silly audit   'is-boolean-object': [ '1.2.1' ],
16 silly audit   'is-bun-module': [ '1.3.0' ],
16 silly audit   'is-callable': [ '1.2.7' ],
16 silly audit   'is-core-module': [ '2.16.1' ],
16 silly audit   'is-data-view': [ '1.0.2' ],
16 silly audit   'is-date-object': [ '1.1.0' ],
16 silly audit   'is-extglob': [ '2.1.1' ],
16 silly audit   'is-finalizationregistry': [ '1.1.1' ],
16 silly audit   'is-fullwidth-code-point': [ '3.0.0' ],
16 silly audit   'is-generator-function': [ '1.1.0' ],
16 silly audit   'is-glob': [ '4.0.3' ],
16 silly audit   'is-map': [ '2.0.3' ],
16 silly audit   'is-number': [ '7.0.0' ],
16 silly audit   'is-number-object': [ '1.1.1' ],
16 silly audit   'is-path-inside': [ '3.0.3' ],
16 silly audit   'is-regex': [ '1.2.1' ],
16 silly audit   'is-set': [ '2.0.3' ],
16 silly audit   'is-shared-array-buffer': [ '1.0.4' ],
16 silly audit   'is-string': [ '1.1.1' ],
16 silly audit   'is-symbol': [ '1.1.1' ],
16 silly audit   'is-typed-array': [ '1.1.15' ],
16 silly audit   'is-weakmap': [ '2.0.2' ],
16 silly audit   'is-weakref': [ '1.1.0' ],
16 silly audit   'is-weakset': [ '2.0.4' ],
16 silly audit   isarray: [ '2.0.5' ],
16 silly audit   isexe: [ '2.0.0' ],
16 silly audit   'iterator.prototype': [ '1.1.5' ],
16 silly audit   jackspeak: [ '2.3.6' ],
16 silly audit   jiti: [ '1.21.7' ],
16 silly audit   'js-tokens': [ '4.0.0' ],
16 silly audit   'js-yaml': [ '4.1.0' ],
16 silly audit   'json-buffer': [ '3.0.1' ],
16 silly audit   'json-schema-traverse': [ '0.4.1' ],
16 silly audit   'json-stable-stringify-without-jsonify': [ '1.0.1' ],
16 silly audit   json5: [ '1.0.2' ],
16 silly audit   'jsx-ast-utils': [ '3.3.5' ],
16 silly audit   keyv: [ '4.5.4' ],
16 silly audit   'language-subtag-registry': [ '0.3.23' ],
16 silly audit   'language-tags': [ '1.0.9' ],
16 silly audit   levn: [ '0.4.1' ],
16 silly audit   lilconfig: [ '3.1.3' ],
16 silly audit   'lines-and-columns': [ '1.2.4' ],
16 silly audit   'locate-path': [ '6.0.0' ],
16 silly audit   lodash: [ '4.17.21' ],
16 silly audit   'lodash.merge': [ '4.6.2' ],
16 silly audit   'loose-envify': [ '1.4.0' ],
16 silly audit   'lru-cache': [ '10.4.3' ],
16 silly audit   'lucide-react': [ '0.473.0' ],
16 silly audit   'math-intrinsics': [ '1.1.0' ],
16 silly audit   merge2: [ '1.4.1' ],
16 silly audit   micromatch: [ '4.0.8' ],
16 silly audit   minimist: [ '1.2.8' ],
16 silly audit   minipass: [ '7.1.2' ],
16 silly audit   'motion-dom': [ '11.18.1' ],
16 silly audit   'motion-utils': [ '11.18.1' ],
16 silly audit   ms: [ '2.1.3' ],
16 silly audit   mz: [ '2.7.0' ],
16 silly audit   nanoid: [ '3.3.8' ],
16 silly audit   'natural-compare': [ '1.4.0' ],
16 silly audit   next: [ '14.1.0' ],
16 silly audit   'next-themes': [ '0.4.4' ],
16 silly audit   postcss: [ '8.4.31', '8.5.1' ],
16 silly audit   'node-releases': [ '2.0.19' ],
16 silly audit   'normalize-path': [ '3.0.0' ],
16 silly audit   'normalize-range': [ '0.1.2' ],
16 silly audit   'object-assign': [ '4.1.1' ],
16 silly audit   'object-hash': [ '3.0.0' ],
16 silly audit   'object-inspect': [ '1.13.3' ],
16 silly audit   'object-keys': [ '1.1.1' ],
16 silly audit   'object.assign': [ '4.1.7' ],
16 silly audit   'object.entries': [ '1.1.8' ],
16 silly audit   'object.fromentries': [ '2.0.8' ],
16 silly audit   'object.groupby': [ '1.0.3' ],
16 silly audit   'object.values': [ '1.2.1' ],
16 silly audit   once: [ '1.4.0' ],
16 silly audit   optionator: [ '0.9.4' ],
16 silly audit   'own-keys': [ '1.0.1' ],
16 silly audit   'p-limit': [ '3.1.0' ],
16 silly audit   'p-locate': [ '5.0.0' ],
16 silly audit   'parent-module': [ '1.0.1' ],
16 silly audit   'path-exists': [ '4.0.0' ],
16 silly audit   'path-is-absolute': [ '1.0.1' ],
16 silly audit   'path-key': [ '3.1.1' ],
16 silly audit   'path-parse': [ '1.0.7' ],
16 silly audit   'path-scurry': [ '1.11.1' ],
16 silly audit   'path-type': [ '4.0.0' ],
16 silly audit   picocolors: [ '1.1.1' ],
16 silly audit   picomatch: [ '2.3.1' ],
16 silly audit   pify: [ '2.3.0' ],
16 silly audit   pirates: [ '4.0.6' ],
16 silly audit   'possible-typed-array-names': [ '1.0.0' ],
16 silly audit   'postcss-import': [ '15.1.0' ],
16 silly audit   'postcss-js': [ '4.0.1' ],
16 silly audit   'postcss-load-config': [ '4.0.2' ],
16 silly audit   'postcss-nested': [ '6.2.0' ],
16 silly audit   'postcss-selector-parser': [ '6.1.2' ],
16 silly audit   'postcss-value-parser': [ '4.2.0' ],
16 silly audit   'prelude-ls': [ '1.2.1' ],
16 silly audit   'prop-types': [ '15.8.1' ],
16 silly audit   punycode: [ '2.3.1' ],
16 silly audit   'queue-microtask': [ '1.2.3' ],
16 silly audit   react: [ '18.2.0' ],
16 silly audit   'react-day-picker': [ '9.5.0' ],
16 silly audit   'react-dom': [ '18.2.0' ],
16 silly audit   'react-hook-form': [ '7.54.2' ],
16 silly audit   'react-is': [ '16.13.1', '18.3.1' ],
16 silly audit   'react-remove-scroll-bar': [ '2.3.8' ],
16 silly audit   'react-resizable-panels': [ '1.0.10' ],
16 silly audit   'react-smooth': [ '4.0.4' ],
16 silly audit   'react-style-singleton': [ '2.2.3' ],
16 silly audit   'react-transition-group': [ '4.4.5' ],
16 silly audit   'read-cache': [ '1.0.0' ],
16 silly audit   readdirp: [ '3.6.0' ],
16 silly audit   recharts: [ '2.15.0' ],
16 silly audit   'recharts-scale': [ '0.4.5' ],
16 silly audit   'reflect.getprototypeof': [ '1.0.10' ],
16 silly audit   'regenerator-runtime': [ '0.14.1' ],
16 silly audit   'regexp.prototype.flags': [ '1.5.4' ],
16 silly audit   'resolve-from': [ '4.0.0' ],
16 silly audit   'resolve-pkg-maps': [ '1.0.0' ],
16 silly audit   reusify: [ '1.0.4' ],
16 silly audit   rimraf: [ '3.0.2' ],
16 silly audit   'run-parallel': [ '1.2.0' ],
16 silly audit   'safe-array-concat': [ '1.1.3' ],
16 silly audit   'safe-push-apply': [ '1.0.0' ],
16 silly audit   'safe-regex-test': [ '1.1.0' ],
16 silly audit   scheduler: [ '0.23.2' ],
16 silly audit   'set-function-length': [ '1.2.2' ],
16 silly audit   'set-function-name': [ '2.0.2' ],
16 silly audit   'set-proto': [ '1.0.0' ],
16 silly audit   'shebang-command': [ '2.0.0' ],
16 silly audit   'shebang-regex': [ '3.0.0' ],
16 silly audit   'side-channel': [ '1.1.0' ],
16 silly audit   'side-channel-list': [ '1.0.0' ],
16 silly audit   'side-channel-map': [ '1.0.1' ],
16 silly audit   'side-channel-weakmap': [ '1.0.2' ],
16 silly audit   'signal-exit': [ '4.1.0' ],
16 silly audit   slash: [ '3.0.0' ],
16 silly audit   sonner: [ '1.7.2' ],
16 silly audit   'source-map-js': [ '1.2.1' ],
16 silly audit   'stable-hash': [ '0.0.4' ],
16 silly audit   streamsearch: [ '1.1.0' ],
16 silly audit   'string-width': [ '5.1.2', '4.2.3' ],
16 silly audit   'string.prototype.includes': [ '2.0.1' ],
16 silly audit   'string.prototype.matchall': [ '4.0.12' ],
16 silly audit   'string.prototype.repeat': [ '1.0.0' ],
16 silly audit   'string.prototype.trim': [ '1.2.10' ],
16 silly audit   'string.prototype.trimend': [ '1.0.9' ],
16 silly audit   'string.prototype.trimstart': [ '1.0.8' ],
16 silly audit   'strip-bom': [ '3.0.0' ],
16 silly audit   'strip-json-comments': [ '3.1.1' ],
16 silly audit   'styled-jsx': [ '5.1.1' ],
16 silly audit   sucrase: [ '3.35.0' ],
16 silly audit   'supports-color': [ '7.2.0' ],
16 silly audit   'supports-preserve-symlinks-flag': [ '1.0.0' ],
16 silly audit   'tailwind-merge': [ '2.6.0' ],
16 silly audit   tailwindcss: [ '3.4.17' ],
16 silly audit   'tailwindcss-animate': [ '1.0.7' ],
16 silly audit   tapable: [ '2.2.1' ],
16 silly audit   'text-table': [ '0.2.0' ],
16 silly audit   thenify: [ '3.3.1' ],
16 silly audit   'thenify-all': [ '1.6.0' ],
16 silly audit   'tiny-invariant': [ '1.3.3' ],
16 silly audit   'to-regex-range': [ '5.0.1' ],
16 silly audit   'ts-api-utils': [ '1.4.3' ],
16 silly audit   'ts-interface-checker': [ '0.1.13' ],
16 silly audit   'tsconfig-paths': [ '3.15.0' ],
16 silly audit   tslib: [ '2.8.1' ],
16 silly audit   'type-check': [ '0.4.0' ],
16 silly audit   'type-fest': [ '0.20.2' ],
16 silly audit   'typed-array-buffer': [ '1.0.3' ],
16 silly audit   'typed-array-byte-length': [ '1.0.3' ],
16 silly audit   'typed-array-byte-offset': [ '1.0.4' ],
16 silly audit   'typed-array-length': [ '1.0.7' ],
16 silly audit   typescript: [ '5.7.3' ],
16 silly audit   'unbox-primitive': [ '1.1.0' ],
16 silly audit   'undici-types': [ '6.19.8' ],
16 silly audit   'update-browserslist-db': [ '1.1.2' ],
16 silly audit   'uri-js': [ '4.4.1' ],
16 silly audit   'use-callback-ref': [ '1.3.3' ],
16 silly audit   'use-sidecar': [ '1.1.3' ],
16 silly audit   'util-deprecate': [ '1.0.2' ],
16 silly audit   vaul: [ '0.9.9' ],
16 silly audit   'victory-vendor': [ '36.9.2' ],
16 silly audit   which: [ '2.0.2' ],
16 silly audit   'which-boxed-primitive': [ '1.1.1' ],
16 silly audit   'which-builtin-type': [ '1.2.1' ],
16 silly audit   'which-collection': [ '1.0.2' ],
16 silly audit   'which-typed-array': [ '1.1.18' ],
16 silly audit   'word-wrap': [ '1.2.5' ],
16 silly audit   'wrap-ansi': [ '8.1.0', '7.0.0' ],
16 silly audit   wrappy: [ '1.0.2' ],
16 silly audit   yaml: [ '2.7.0' ],
16 silly audit   'yocto-queue': [ '0.1.0' ]
16 silly audit }
17 verbose reify failed optional dependency /Users/italofelipe/Desktop/vini-carv-org-main/node_modules/@next/swc-win32-x64-msvc
18 silly reify mark deleted [
18 silly reify   '/Users/italofelipe/Desktop/vini-carv-org-main/node_modules/@next/swc-win32-x64-msvc'
18 silly reify ]
19 verbose reify failed optional dependency /Users/italofelipe/Desktop/vini-carv-org-main/node_modules/@next/swc-win32-ia32-msvc
20 silly reify mark deleted [
20 silly reify   '/Users/italofelipe/Desktop/vini-carv-org-main/node_modules/@next/swc-win32-ia32-msvc'
20 silly reify ]
21 verbose reify failed optional dependency /Users/italofelipe/Desktop/vini-carv-org-main/node_modules/@next/swc-win32-arm64-msvc
22 silly reify mark deleted [
22 silly reify   '/Users/italofelipe/Desktop/vini-carv-org-main/node_modules/@next/swc-win32-arm64-msvc'
22 silly reify ]
23 verbose reify failed optional dependency /Users/italofelipe/Desktop/vini-carv-org-main/node_modules/@next/swc-linux-x64-musl
24 silly reify mark deleted [
24 silly reify   '/Users/italofelipe/Desktop/vini-carv-org-main/node_modules/@next/swc-linux-x64-musl'
24 silly reify ]
25 verbose reify failed optional dependency /Users/italofelipe/Desktop/vini-carv-org-main/node_modules/@next/swc-linux-x64-gnu
26 silly reify mark deleted [
26 silly reify   '/Users/italofelipe/Desktop/vini-carv-org-main/node_modules/@next/swc-linux-x64-gnu'
26 silly reify ]
27 verbose reify failed optional dependency /Users/italofelipe/Desktop/vini-carv-org-main/node_modules/@next/swc-linux-arm64-musl
28 silly reify mark deleted [
28 silly reify   '/Users/italofelipe/Desktop/vini-carv-org-main/node_modules/@next/swc-linux-arm64-musl'
28 silly reify ]
29 verbose reify failed optional dependency /Users/italofelipe/Desktop/vini-carv-org-main/node_modules/@next/swc-linux-arm64-gnu
30 silly reify mark deleted [
30 silly reify   '/Users/italofelipe/Desktop/vini-carv-org-main/node_modules/@next/swc-linux-arm64-gnu'
30 silly reify ]
31 verbose reify failed optional dependency /Users/italofelipe/Desktop/vini-carv-org-main/node_modules/@next/swc-darwin-arm64
32 silly reify mark deleted [
32 silly reify   '/Users/italofelipe/Desktop/vini-carv-org-main/node_modules/@next/swc-darwin-arm64'
32 silly reify ]
33 http fetch POST 200 https://registry.npmjs.org/-/npm/v1/security/advisories/bulk 698ms
34 silly audit report {
34 silly audit report   next: [
34 silly audit report     {
34 silly audit report       id: 1099638,
34 silly audit report       url: 'https://github.com/advisories/GHSA-gp8f-8m3g-qvj9',
34 silly audit report       title: 'Next.js Cache Poisoning',
34 silly audit report       severity: 'high',
34 silly audit report       vulnerable_versions: '>=14.0.0 <14.2.10',
34 silly audit report       cwe: [Array],
34 silly audit report       cvss: [Object]
34 silly audit report     },
34 silly audit report     {
34 silly audit report       id: 1100421,
34 silly audit report       url: 'https://github.com/advisories/GHSA-g77x-44xx-532m',
34 silly audit report       title: 'Denial of Service condition in Next.js image optimization',
34 silly audit report       severity: 'moderate',
34 silly audit report       vulnerable_versions: '>=10.0.0 <14.2.7',
34 silly audit report       cwe: [Array],
34 silly audit report       cvss: [Object]
34 silly audit report     },
34 silly audit report     {
34 silly audit report       id: 1101380,
34 silly audit report       url: 'https://github.com/advisories/GHSA-7gfc-8cq8-jh5f',
34 silly audit report       title: 'Next.js authorization bypass vulnerability',
34 silly audit report       severity: 'high',
34 silly audit report       vulnerable_versions: '>=9.5.5 <14.2.15',
34 silly audit report       cwe: [Array],
34 silly audit report       cvss: [Object]
34 silly audit report     },
34 silly audit report     {
34 silly audit report       id: 1101438,
34 silly audit report       url: 'https://github.com/advisories/GHSA-7m27-7ghc-44w9',
34 silly audit report       title: 'Next.js Allows a Denial of Service (DoS) with Server Actions',
34 silly audit report       severity: 'moderate',
34 silly audit report       vulnerable_versions: '>=14.0.0 <14.2.21',
34 silly audit report       cwe: [Array],
34 silly audit report       cvss: [Object]
34 silly audit report     },
34 silly audit report     {
34 silly audit report       id: 1097295,
34 silly audit report       url: 'https://github.com/advisories/GHSA-fr5h-rqp8-mj6g',
34 silly audit report       title: 'Next.js Server-Side Request Forgery in Server Actions',
34 silly audit report       severity: 'high',
34 silly audit report       vulnerable_versions: '>=13.4.0 <14.1.1',
34 silly audit report       cwe: [Array],
34 silly audit report       cvss: [Object]
34 silly audit report     }
34 silly audit report   ]
34 silly audit report }
35 silly packumentCache corgi:https://registry.npmjs.org/next cache-miss
36 http fetch GET 200 https://registry.npmjs.org/next 283ms (cache updated)
37 silly packumentCache corgi:https://registry.npmjs.org/next set size:undefined disposed:false
38 silly ADD
39 silly ADD
40 silly ADD
41 silly ADD
42 silly ADD
43 silly ADD
44 silly ADD
45 silly ADD
46 verbose cwd /Users/italofelipe/Desktop/vini-carv-org-main
47 verbose os Darwin 24.1.0
48 verbose node v23.6.0
49 verbose npm  v11.0.0
50 verbose exit 0
51 info ok
