0 verbose cli /Users/italofelipe/.nvm/versions/node/v23.6.0/bin/node /Users/italofelipe/.nvm/versions/node/v23.6.0/bin/npm
1 info using npm@9.8.1
2 info using node@v23.6.0
3 timing npm:load:whichnode Completed in 1ms
4 timing config:load:defaults Completed in 2ms
5 timing config:load:file:/Users/italofelipe/.nvm/versions/node/v23.6.0/lib/node_modules/npm/npmrc Completed in 1ms
6 timing config:load:builtin Completed in 1ms
7 timing config:load:cli Completed in 3ms
8 timing config:load:env Completed in 1ms
9 timing config:load:file:/Users/italofelipe/Desktop/vini-carv-org-main/.npmrc Completed in 0ms
10 timing config:load:project Completed in 4ms
11 timing config:load:file:/Users/italofelipe/.npmrc Completed in 2ms
12 timing config:load:user Completed in 2ms
13 timing config:load:file:/Users/italofelipe/.nvm/versions/node/v23.6.0/etc/npmrc Completed in 0ms
14 timing config:load:global Completed in 0ms
15 timing config:load:setEnvs Completed in 1ms
16 timing config:load Completed in 14ms
17 timing npm:load:configload Completed in 15ms
18 timing config:load:flatten Completed in 3ms
19 timing npm:load:mkdirpcache Completed in 0ms
20 timing npm:load:mkdirplogs Completed in 0ms
21 verbose title npm run build
22 verbose argv "run" "build"
23 timing npm:load:setTitle Completed in 29ms
24 timing npm:load:display Completed in 1ms
25 verbose logfile logs-max:10 dir:/Users/italofelipe/Desktop/vini-carv-org-main/.npm-cache/_logs/2025-01-21T19_50_50_297Z-
26 verbose logfile /Users/italofelipe/Desktop/vini-carv-org-main/.npm-cache/_logs/2025-01-21T19_50_50_297Z-debug-0.log
27 timing npm:load:logFile Completed in 16ms
28 timing npm:load:timers Completed in 1ms
29 timing npm:load:configScope Completed in 0ms
30 timing npm:load Completed in 77ms
31 silly logfile done cleaning log files
32 timing command:run Completed in 14926ms
33 verbose exit 1
34 timing npm Completed in 15060ms
35 verbose code 1
